::1 - - [03/Jun/2022:17:12:48 +0000] "POST /api/v1/login HTTP/1.1" 200 60
::1 - - [03/Jun/2022:17:13:59 +0000] "POST /api/v1/register HTTP/1.1" 201 420
::1 - - [03/Jun/2022:17:18:53 +0000] "POST /api/v1/forgot-password HTTP/1.1" 403 58
::1 - - [03/Jun/2022:17:19:17 +0000] "POST /api/v1/forgot-password HTTP/1.1" 403 58
::1 - - [03/Jun/2022:17:28:07 +0000] "POST /api/v1/forgot-password HTTP/1.1" 403 67
::1 - - [03/Jun/2022:17:31:01 +0000] "POST /api/v1/forgot-password HTTP/1.1" 500 60
::1 - - [03/Jun/2022:17:32:13 +0000] "POST /api/v1/forgot-password HTTP/1.1" 500 83
::1 - - [03/Jun/2022:17:34:53 +0000] "POST /api/v1/forgot-password HTTP/1.1" 500 68
::1 - - [03/Jun/2022:17:38:21 +0000] "POST /api/v1/forgot-password HTTP/1.1" 404 57
::1 - - [03/Jun/2022:17:39:37 +0000] "POST /api/v1/register HTTP/1.1" 201 420
::1 - - [03/Jun/2022:17:41:09 +0000] "POST /api/v1/forgot-password HTTP/1.1" 500 65
::1 - - [03/Jun/2022:17:44:43 +0000] "POST /api/v1/forgot-password HTTP/1.1" 200 65
::1 - - [03/Jun/2022:17:52:08 +0000] "POST /api/v1/forgot-password HTTP/1.1" 200 65
::1 - - [03/Jun/2022:17:54:09 +0000] "POST /api/v1/forgot-password HTTP/1.1" 200 65
::1 - - [03/Jun/2022:17:55:53 +0000] "POST /api/v1/forgot-password HTTP/1.1" 200 65
::1 - - [04/Jun/2022:03:34:30 +0000] "POST /api/v1/forgot-password HTTP/1.1" 200 65
::1 - - [04/Jun/2022:03:35:34 +0000] "POST /api/v1/forgot-password HTTP/1.1" 200 65
::1 - - [04/Jun/2022:03:37:40 +0000] "POST /api/v1/register HTTP/1.1" 201 414
::1 - - [04/Jun/2022:03:38:19 +0000] "POST /api/v1/login HTTP/1.1" 200 60
::1 - - [04/Jun/2022:03:38:35 +0000] "POST /api/v1/register HTTP/1.1" 201 412
::1 - - [04/Jun/2022:03:38:52 +0000] "POST /api/v1/login HTTP/1.1" 200 350
::1 - - [04/Jun/2022:03:44:36 +0000] "GET /api/v1/user-games HTTP/1.1" 200 7091
::1 - - [04/Jun/2022:03:45:02 +0000] "DELETE /api/v1/user-game?id=11 HTTP/1.1" 200 70
::1 - - [04/Jun/2022:03:45:22 +0000] "POST /api/v1/register HTTP/1.1" 201 422
::1 - - [04/Jun/2022:03:52:21 +0000] "GET /api/v1/user-games HTTP/1.1" 200 7093
::1 - - [04/Jun/2022:03:52:59 +0000] "DELETE /api/v1/user-game?id=14 HTTP/1.1" 200 70
::1 - - [04/Jun/2022:03:53:09 +0000] "POST /api/v1/register HTTP/1.1" 201 422
::1 - - [04/Jun/2022:04:01:06 +0000] "DELETE /api/v1/user-game?id=15 HTTP/1.1" 200 70
::1 - - [04/Jun/2022:04:01:14 +0000] "POST /api/v1/register HTTP/1.1" 201 422
::1 - - [04/Jun/2022:04:02:54 +0000] "DELETE /api/v1/user-game?id=16 HTTP/1.1" 200 70
::1 - - [04/Jun/2022:04:03:05 +0000] "POST /api/v1/register HTTP/1.1" 201 422
::1 - - [04/Jun/2022:04:04:50 +0000] "DELETE /api/v1/user-game?id=17 HTTP/1.1" 200 70
::1 - - [04/Jun/2022:04:04:59 +0000] "POST /api/v1/register HTTP/1.1" 201 422
::1 - - [04/Jun/2022:04:07:29 +0000] "DELETE /api/v1/user-game?id=18 HTTP/1.1" 200 70
::1 - - [04/Jun/2022:04:07:45 +0000] "POST /api/v1/register HTTP/1.1" 201 422
::1 - - [04/Jun/2022:04:08:05 +0000] "POST /api/v1/forgot-password HTTP/1.1" 200 65
::1 - - [04/Jun/2022:04:11:42 +0000] "POST /api/v1/reset-password HTTP/1.1" 404 55
::1 - - [04/Jun/2022:04:13:36 +0000] "POST /api/v1/reset-password HTTP/1.1" 404 55
::1 - - [04/Jun/2022:04:15:57 +0000] "POST /api/v1/forgot-password HTTP/1.1" 200 65
::1 - - [04/Jun/2022:04:16:25 +0000] "POST /api/v1/reset-password HTTP/1.1" 404 55
::1 - - [04/Jun/2022:04:17:31 +0000] "POST /api/v1/reset-password HTTP/1.1" 404 55
::1 - - [04/Jun/2022:04:18:02 +0000] "POST /api/v1/forgot-password HTTP/1.1" 200 65
::1 - - [04/Jun/2022:06:11:25 +0000] "POST /api/v1/forgot-password HTTP/1.1" 200 65
::1 - - [04/Jun/2022:06:13:30 +0000] "POST /api/v1/reset-password HTTP/1.1" 404 53
::1 - - [04/Jun/2022:06:13:45 +0000] "POST /api/v1/forgot-password HTTP/1.1" 200 65
::1 - - [04/Jun/2022:06:17:37 +0000] "POST /api/v1/forgot-password HTTP/1.1" 200 65
::1 - - [04/Jun/2022:06:18:18 +0000] "POST /api/v1/reset-password HTTP/1.1" 200 66
::1 - - [04/Jun/2022:06:18:56 +0000] "POST /api/v1/login HTTP/1.1" 401 59
::1 - - [04/Jun/2022:06:19:52 +0000] "POST /api/v1/login HTTP/1.1" 200 363
::1 - - [04/Jun/2022:06:20:29 +0000] "POST /api/v1/forgot-password HTTP/1.1" 200 65
::1 - - [04/Jun/2022:06:21:28 +0000] "POST /api/v1/reset-password HTTP/1.1" 404 55
::1 - - [04/Jun/2022:06:21:45 +0000] "POST /api/v1/reset-password HTTP/1.1" 200 66
::1 - - [04/Jun/2022:06:23:54 +0000] "POST /api/v1/login HTTP/1.1" 200 363
::1 - - [04/Jun/2022:06:24:51 +0000] "POST /api/v1/forgot-password HTTP/1.1" 200 65
::1 - - [04/Jun/2022:06:25:32 +0000] "POST /api/v1/reset-password HTTP/1.1" 200 66
::1 - - [04/Jun/2022:06:25:51 +0000] "POST /api/v1/login HTTP/1.1" 401 59
::1 - - [04/Jun/2022:06:25:59 +0000] "POST /api/v1/login HTTP/1.1" 200 363
::1 - - [04/Jun/2022:11:27:53 +0000] "GET /api/v1/user-games HTTP/1.1" 200 7361
::1 - - [04/Jun/2022:11:28:25 +0000] "GET /api/v1/user-game?id=11 HTTP/1.1" 404 79
::1 - - [04/Jun/2022:11:28:30 +0000] "GET /api/v1/user-game?id=10 HTTP/1.1" 200 441
::1 - - [04/Jun/2022:11:32:44 +0000] "POST /api/v1/user-game HTTP/1.1" 201 416
::1 - - [04/Jun/2022:11:33:04 +0000] "PUT /api/v1/user-game?id=11 HTTP/1.1" 404 79
::1 - - [04/Jun/2022:11:35:15 +0000] "PUT /api/v1/user-game?id=11 HTTP/1.1" 404 80
::1 - - [04/Jun/2022:11:35:28 +0000] "POST /api/v1/login HTTP/1.1" 200 363
::1 - - [04/Jun/2022:11:35:46 +0000] "GET /api/v1/user-game?id=10 HTTP/1.1" 403 71
::1 - - [04/Jun/2022:11:35:49 +0000] "GET /api/v1/user-game?id=10 HTTP/1.1" 403 71
::1 - - [04/Jun/2022:11:35:57 +0000] "GET /api/v1/user-game?id=19 HTTP/1.1" 200 704
::1 - - [04/Jun/2022:11:36:00 +0000] "GET /api/v1/user-games HTTP/1.1" 403 58
::1 - - [04/Jun/2022:11:36:22 +0000] "PUT /api/v1/user-game?id=11 HTTP/1.1" 403 71
::1 - - [04/Jun/2022:11:51:19 +0000] "GET /api/v1/user-games HTTP/1.1" 403 58
::1 - - [04/Jun/2022:11:51:22 +0000] "GET /api/v1/user-game?id=19 HTTP/1.1" 200 704
::1 - - [04/Jun/2022:12:14:08 +0000] "GET / HTTP/1.1" 200 6463
::1 - - [04/Jun/2022:12:15:32 +0000] "GET / HTTP/1.1" 200 6526
::1 - - [04/Jun/2022:12:15:36 +0000] "GET /forgot-password HTTP/1.1" 200 3646
::1 - - [04/Jun/2022:12:16:17 +0000] "GET / HTTP/1.1" 200 6523
::1 - - [04/Jun/2022:12:16:20 +0000] "GET / HTTP/1.1" 304 -
::1 - - [04/Jun/2022:12:17:58 +0000] "GET / HTTP/1.1" 200 6519
::1 - - [04/Jun/2022:12:18:00 +0000] "GET / HTTP/1.1" 304 -
::1 - - [04/Jun/2022:12:19:27 +0000] "GET / HTTP/1.1" 200 6536
::1 - - [04/Jun/2022:12:19:33 +0000] "GET / HTTP/1.1" 304 -
::1 - - [04/Jun/2022:12:19:34 +0000] "GET /forgot-password HTTP/1.1" 304 -
::1 - - [04/Jun/2022:12:20:09 +0000] "GET / HTTP/1.1" 200 6607
::1 - - [04/Jun/2022:12:20:18 +0000] "GET / HTTP/1.1" 200 6610
::1 - - [04/Jun/2022:12:26:24 +0000] "GET / HTTP/1.1" 200 6404
::1 - - [04/Jun/2022:13:22:56 +0000] "GET / HTTP/1.1" 304 -
::1 - - [04/Jun/2022:13:23:00 +0000] "GET /register HTTP/1.1" 304 -
::1 - - [04/Jun/2022:13:23:15 +0000] "POST /registers HTTP/1.1" 302 54
::1 - - [04/Jun/2022:13:23:16 +0000] "GET /login HTTP/1.1" 200 6404
::1 - - [04/Jun/2022:13:24:14 +0000] "GET /login HTTP/1.1" 304 -
::1 - - [04/Jun/2022:13:24:16 +0000] "GET /register HTTP/1.1" 304 -
::1 - - [04/Jun/2022:13:24:28 +0000] "POST /registers HTTP/1.1" 400 3354
::1 - - [04/Jun/2022:13:24:32 +0000] "GET /dashboard HTTP/1.1" 302 56
::1 - - [04/Jun/2022:13:24:32 +0000] "GET /login HTTP/1.1" 304 -
::1 - - [04/Jun/2022:13:25:17 +0000] "PUT /api/v1/user-game?id=11 HTTP/1.1" 403 71
::1 - - [04/Jun/2022:13:27:45 +0000] "PUT /api/v1/user-game?id=19 HTTP/1.1" 200 678
::1 - - [04/Jun/2022:13:28:17 +0000] "DELETE /api/v1/user-game?id=20 HTTP/1.1" 403 71
::1 - - [04/Jun/2022:13:28:43 +0000] "POST /api/v1/login HTTP/1.1" 401 59
::1 - - [04/Jun/2022:13:28:53 +0000] "POST /api/v1/login HTTP/1.1" 401 59
::1 - - [04/Jun/2022:13:29:25 +0000] "POST /api/v1/login HTTP/1.1" 200 393
::1 - - [04/Jun/2022:13:30:05 +0000] "GET /api/v1/user-games HTTP/1.1" 403 58
::1 - - [04/Jun/2022:13:30:12 +0000] "GET /api/v1/user-games HTTP/1.1" 403 58
::1 - - [04/Jun/2022:13:30:57 +0000] "GET /api/v1/user-games HTTP/1.1" 403 58
::1 - - [04/Jun/2022:13:31:22 +0000] "POST /api/v1/forgot-password HTTP/1.1" 200 65
::1 - - [04/Jun/2022:13:32:55 +0000] "POST /api/v1/register HTTP/1.1" 201 423
::1 - - [04/Jun/2022:13:35:57 +0000] "POST /api/v1/login HTTP/1.1" 200 60
::1 - - [04/Jun/2022:13:36:35 +0000] "POST /api/v1/login HTTP/1.1" 200 365
::1 - - [04/Jun/2022:13:37:11 +0000] "GET /api/v1/user-games HTTP/1.1" 200 9295
::1 - - [04/Jun/2022:13:37:39 +0000] "DELETE /api/v1/user-game?id=12 HTTP/1.1" 200 77
::1 - - [04/Jun/2022:13:37:47 +0000] "GET /login HTTP/1.1" 304 -
::1 - - [04/Jun/2022:13:37:52 +0000] "GET /register HTTP/1.1" 304 -
::1 - - [04/Jun/2022:13:38:09 +0000] "POST /registers HTTP/1.1" 302 54
::1 - - [04/Jun/2022:13:38:09 +0000] "GET /login HTTP/1.1" 304 -
::1 - - [04/Jun/2022:13:41:39 +0000] "DELETE /api/v1/user-game?id=21 HTTP/1.1" 200 77
::1 - - [04/Jun/2022:13:41:50 +0000] "GET /register HTTP/1.1" 304 -
::1 - - [04/Jun/2022:13:42:21 +0000] "POST /registers HTTP/1.1" 302 54
::1 - - [04/Jun/2022:13:42:22 +0000] "GET /login HTTP/1.1" 304 -
::1 - - [04/Jun/2022:13:44:24 +0000] "DELETE /api/v1/user-game?id=22 HTTP/1.1" 200 77
::1 - - [04/Jun/2022:13:44:37 +0000] "DELETE /api/v1/user-game?id=23 HTTP/1.1" 200 77
::1 - - [04/Jun/2022:13:44:48 +0000] "GET /register HTTP/1.1" 304 -
::1 - - [04/Jun/2022:13:45:05 +0000] "POST /registers HTTP/1.1" 400 3354
::1 - - [04/Jun/2022:13:45:19 +0000] "DELETE /api/v1/user-game?id=25 HTTP/1.1" 404 80
::1 - - [04/Jun/2022:13:45:29 +0000] "DELETE /api/v1/user-game?id=24 HTTP/1.1" 200 77
::1 - - [04/Jun/2022:13:45:39 +0000] "GET /dashboard HTTP/1.1" 302 56
::1 - - [04/Jun/2022:13:45:39 +0000] "GET /login HTTP/1.1" 304 -
::1 - - [04/Jun/2022:13:45:42 +0000] "GET /register HTTP/1.1" 304 -
::1 - - [04/Jun/2022:13:45:57 +0000] "POST /registers HTTP/1.1" 302 54
::1 - - [04/Jun/2022:13:45:57 +0000] "GET /login HTTP/1.1" 304 -
::1 - - [04/Jun/2022:13:54:30 +0000] "DELETE /api/v1/user-game?id=25 HTTP/1.1" 200 77
::1 - - [04/Jun/2022:13:54:40 +0000] "GET /register HTTP/1.1" 304 -
::1 - - [04/Jun/2022:13:54:55 +0000] "POST /registers HTTP/1.1" 302 54
::1 - - [04/Jun/2022:13:54:55 +0000] "GET /login HTTP/1.1" 304 -
::1 - - [04/Jun/2022:14:00:30 +0000] "DELETE /api/v1/user-game?id=26 HTTP/1.1" 200 77
::1 - - [04/Jun/2022:14:00:42 +0000] "GET /login HTTP/1.1" 304 -
::1 - - [04/Jun/2022:14:00:45 +0000] "GET /register HTTP/1.1" 304 -
::1 - - [04/Jun/2022:14:01:00 +0000] "POST /registers HTTP/1.1" 302 54
::1 - - [04/Jun/2022:14:01:00 +0000] "GET /login HTTP/1.1" 304 -
::1 - - [04/Jun/2022:14:04:07 +0000] "DELETE /api/v1/user-game?id=27 HTTP/1.1" 200 77
::1 - - [04/Jun/2022:14:07:59 +0000] "GET /login HTTP/1.1" 304 -
::1 - - [04/Jun/2022:14:08:06 +0000] "GET /register HTTP/1.1" 304 -
::1 - - [04/Jun/2022:14:08:29 +0000] "POST /registers HTTP/1.1" 302 54
::1 - - [04/Jun/2022:14:08:29 +0000] "GET /login HTTP/1.1" 304 -
::1 - - [04/Jun/2022:14:54:18 +0000] "DELETE /api/v1/user-game?id=28 HTTP/1.1" 200 77
::1 - - [04/Jun/2022:14:54:28 +0000] "GET /register HTTP/1.1" 304 -
::1 - - [04/Jun/2022:14:54:42 +0000] "POST /registers HTTP/1.1" 302 54
::1 - - [04/Jun/2022:14:54:42 +0000] "GET /login HTTP/1.1" 304 -
::1 - - [04/Jun/2022:15:34:14 +0000] "DELETE /api/v1/user-game?id=28 HTTP/1.1" 404 80
::1 - - [04/Jun/2022:15:34:23 +0000] "DELETE /api/v1/user-game?id=29 HTTP/1.1" 200 77
::1 - - [04/Jun/2022:15:35:59 +0000] "GET / HTTP/1.1" 304 -
::1 - - [04/Jun/2022:15:36:01 +0000] "GET /register HTTP/1.1" 304 -
::1 - - [04/Jun/2022:15:36:19 +0000] "POST /registers HTTP/1.1" 302 54
::1 - - [04/Jun/2022:15:36:20 +0000] "GET /login HTTP/1.1" 304 -
::1 - - [04/Jun/2022:15:36:49 +0000] "GET / HTTP/1.1" 304 -
::1 - - [04/Jun/2022:15:38:36 +0000] "DELETE /api/v1/user-game?id=30 HTTP/1.1" 200 77
::1 - - [04/Jun/2022:15:38:44 +0000] "GET /register HTTP/1.1" 304 -
::1 - - [04/Jun/2022:15:38:57 +0000] "POST /registers HTTP/1.1" 302 54
::1 - - [04/Jun/2022:15:38:57 +0000] "GET /login HTTP/1.1" 304 -
::1 - - [04/Jun/2022:15:40:00 +0000] "DELETE /api/v1/user-game?id=31 HTTP/1.1" 200 77
::1 - - [04/Jun/2022:15:40:28 +0000] "GET /register HTTP/1.1" 304 -
::1 - - [04/Jun/2022:15:40:42 +0000] "POST /registers HTTP/1.1" 302 54
::1 - - [04/Jun/2022:15:40:42 +0000] "GET /login HTTP/1.1" 304 -
::1 - - [04/Jun/2022:15:42:13 +0000] "POST /logins HTTP/1.1" 302 54
::1 - - [04/Jun/2022:15:42:13 +0000] "GET /login HTTP/1.1" 200 6526
::1 - - [04/Jun/2022:15:42:16 +0000] "GET /forgot-password HTTP/1.1" 304 -
::1 - - [04/Jun/2022:15:46:53 +0000] "GET /forgot-password HTTP/1.1" 200 3640
::1 - - [04/Jun/2022:15:47:02 +0000] "POST /forgot-password HTTP/1.1" 500 3340
::1 - - [04/Jun/2022:15:47:44 +0000] "POST /api/v1/forgot-password HTTP/1.1" 200 65
::1 - - [04/Jun/2022:15:48:07 +0000] "POST /forgot-password HTTP/1.1" 500 3340
::1 - - [04/Jun/2022:15:48:11 +0000] "GET /forgot-password HTTP/1.1" 304 -
::ffff:127.0.0.1 - - [04/Jun/2022:15:48:15 +0000] "POST /forgot-password HTTP/1.1" 500 3340
::1 - - [04/Jun/2022:15:48:59 +0000] "GET /dashboard HTTP/1.1" 302 56
::1 - - [04/Jun/2022:15:49:00 +0000] "GET /login HTTP/1.1" 200 6404
::1 - - [04/Jun/2022:15:49:01 +0000] "GET /forgot-password HTTP/1.1" 304 -
::1 - - [04/Jun/2022:15:49:06 +0000] "POST /forgot-password HTTP/1.1" 200 4305
::1 - - [04/Jun/2022:15:49:28 +0000] "POST /api/v1/reset-password HTTP/1.1" 404 55
::1 - - [04/Jun/2022:15:49:35 +0000] "POST /api/v1/reset-password HTTP/1.1" 404 55
::1 - - [04/Jun/2022:15:49:44 +0000] "POST /api/v1/reset-password HTTP/1.1" 404 55
::1 - - [04/Jun/2022:15:49:47 +0000] "POST /api/v1/reset-password HTTP/1.1" 404 55
::1 - - [04/Jun/2022:15:52:18 +0000] "GET /login HTTP/1.1" 304 -
::1 - - [04/Jun/2022:15:52:19 +0000] "GET /forgot-password HTTP/1.1" 200 3640
::1 - - [04/Jun/2022:15:52:24 +0000] "POST /forgot-password HTTP/1.1" 200 4305
::1 - - [04/Jun/2022:15:52:41 +0000] "POST /api/v1/reset-password HTTP/1.1" 200 66
::1 - - [04/Jun/2022:16:00:20 +0000] "GET /forgot-password HTTP/1.1" 200 3646
::1 - - [04/Jun/2022:16:01:25 +0000] "POST /forgot-password HTTP/1.1" 200 3722
::1 - - [04/Jun/2022:16:04:42 +0000] "POST /reset-password HTTP/1.1" 404 3375
::1 - - [04/Jun/2022:16:04:47 +0000] "GET /forgot-password HTTP/1.1" 200 3646
::1 - - [04/Jun/2022:16:04:54 +0000] "POST /forgot-password HTTP/1.1" 200 3722
::1 - - [04/Jun/2022:16:05:52 +0000] "GET /forgot-password HTTP/1.1" 200 3646
::1 - - [04/Jun/2022:16:05:54 +0000] "POST /forgot-password HTTP/1.1" 200 3722
::1 - - [04/Jun/2022:16:09:02 +0000] "POST /reset-password HTTP/1.1" 404 3375
::1 - - [04/Jun/2022:16:09:05 +0000] "GET /dashboard HTTP/1.1" 302 56
::1 - - [04/Jun/2022:16:09:05 +0000] "GET /login HTTP/1.1" 304 -
::1 - - [04/Jun/2022:16:09:46 +0000] "GET /forgot-password HTTP/1.1" 200 3646
::1 - - [04/Jun/2022:16:09:51 +0000] "POST /forgot-password HTTP/1.1" 200 3726
::1 - - [04/Jun/2022:16:16:56 +0000] "GET /otp-reset-password HTTP/1.1" 404 3375
::1 - - [04/Jun/2022:16:16:58 +0000] "GET /dashboard HTTP/1.1" 302 56
::1 - - [04/Jun/2022:16:16:58 +0000] "GET /login HTTP/1.1" 304 -
::1 - - [04/Jun/2022:16:17:00 +0000] "GET /forgot-password HTTP/1.1" 200 3646
::1 - - [04/Jun/2022:16:17:08 +0000] "POST /forgot-password HTTP/1.1" 200 3723
::1 - - [04/Jun/2022:16:17:17 +0000] "POST /otp-reset-password HTTP/1.1" 404 3342
::1 - - [04/Jun/2022:16:17:23 +0000] "GET /forgot-password HTTP/1.1" 200 3646
::1 - - [04/Jun/2022:16:17:28 +0000] "GET / HTTP/1.1" 304 -
::1 - - [04/Jun/2022:16:17:34 +0000] "GET /forgot-password HTTP/1.1" 304 -
::1 - - [04/Jun/2022:16:17:38 +0000] "POST /forgot-password HTTP/1.1" 200 3723
::1 - - [04/Jun/2022:16:19:02 +0000] "POST /otp-reset-password HTTP/1.1" 404 3342
