::1 - - [03/Jun/2022:13:27:25 +0000] "GET / HTTP/1.1" 304 -
::1 - - [03/Jun/2022:13:27:28 +0000] "GET /register HTTP/1.1" 304 -
::1 - - [03/Jun/2022:13:27:42 +0000] "POST /registers HTTP/1.1" 302 54
::1 - - [03/Jun/2022:13:27:42 +0000] "GET /login HTTP/1.1" 304 -
::1 - - [03/Jun/2022:13:28:12 +0000] "GET /register HTTP/1.1" 304 -
::1 - - [03/Jun/2022:13:28:23 +0000] "POST /registers HTTP/1.1" 302 54
::1 - - [03/Jun/2022:13:28:23 +0000] "GET /login HTTP/1.1" 304 -
::1 - - [03/Jun/2022:13:37:38 +0000] "GET /register HTTP/1.1" 304 -
::1 - - [03/Jun/2022:13:38:00 +0000] "POST /registers HTTP/1.1" 302 54
::1 - - [03/Jun/2022:13:38:00 +0000] "GET /login HTTP/1.1" 304 -
::1 - - [03/Jun/2022:14:01:26 +0000] "GET /register HTTP/1.1" 304 -
::1 - - [03/Jun/2022:14:01:34 +0000] "POST /registers HTTP/1.1" 302 54
::1 - - [03/Jun/2022:14:01:34 +0000] "GET /login HTTP/1.1" 304 -
::1 - - [03/Jun/2022:14:03:22 +0000] "GET /register HTTP/1.1" 304 -
::1 - - [03/Jun/2022:14:03:44 +0000] "POST /registers HTTP/1.1" 500 3375
::1 - - [03/Jun/2022:14:07:10 +0000] "GET /register HTTP/1.1" 304 -
::1 - - [03/Jun/2022:14:07:17 +0000] "POST /registers HTTP/1.1" 302 54
::1 - - [03/Jun/2022:14:07:17 +0000] "GET /login HTTP/1.1" 304 -
::1 - - [03/Jun/2022:14:13:31 +0000] "POST /logins HTTP/1.1" 302 62
::1 - - [03/Jun/2022:14:13:31 +0000] "GET /dashboard HTTP/1.1" 304 -
::1 - - [03/Jun/2022:14:13:35 +0000] "GET /user-games HTTP/1.1" 200 48332
::1 - - [03/Jun/2022:14:14:55 +0000] "GET /user-games/delete/25 HTTP/1.1" 302 66
::1 - - [03/Jun/2022:14:14:55 +0000] "GET /user-games HTTP/1.1" 200 46671
::1 - - [03/Jun/2022:14:16:38 +0000] "GET /logout HTTP/1.1" 302 56
::1 - - [03/Jun/2022:14:16:38 +0000] "GET /login HTTP/1.1" 304 -
::1 - - [03/Jun/2022:14:16:44 +0000] "GET /register HTTP/1.1" 304 -
::1 - - [03/Jun/2022:14:17:07 +0000] "POST /registers HTTP/1.1" 302 54
::1 - - [03/Jun/2022:14:17:07 +0000] "GET /login HTTP/1.1" 304 -
::1 - - [03/Jun/2022:14:20:42 +0000] "POST /api/v1/login HTTP/1.1" 200 339
::1 - - [03/Jun/2022:14:21:07 +0000] "GET /api/v1/user-game?id=12 HTTP/1.1" 403 67
::1 - - [03/Jun/2022:14:21:13 +0000] "GET /api/v1/user-game?id=13 HTTP/1.1" 200 630
::1 - - [03/Jun/2022:16:49:40 +0000] "POST /api/v1/register HTTP/1.1" 500 61
::1 - - [03/Jun/2022:16:53:51 +0000] "POST /api/v1/register HTTP/1.1" 400 77
::1 - - [03/Jun/2022:16:54:26 +0000] "POST /api/v1/register HTTP/1.1" 400 74
::1 - - [03/Jun/2022:16:54:46 +0000] "POST /api/v1/login HTTP/1.1" 200 361
::1 - - [03/Jun/2022:16:55:11 +0000] "GET /api/v1/user-games HTTP/1.1" 403 58
::1 - - [03/Jun/2022:16:55:18 +0000] "GET /api/v1/user-game?id=12 HTTP/1.1" 403 71
::1 - - [03/Jun/2022:16:55:22 +0000] "GET /api/v1/user-game?id=11 HTTP/1.1" 200 699
::1 - - [03/Jun/2022:16:55:41 +0000] "PUT /api/v1/user-game?id=11 HTTP/1.1" 200 52
::1 - - [03/Jun/2022:16:57:01 +0000] "POST /api/v1/register HTTP/1.1" 201 421
::1 - - [03/Jun/2022:16:57:29 +0000] "PUT /api/v1/user-game?id=12 HTTP/1.1" 403 71
::1 - - [03/Jun/2022:16:57:53 +0000] "PUT /api/v1/user-game?id=11 HTTP/1.1" 200 52
::1 - - [03/Jun/2022:16:57:58 +0000] "POST /api/v1/login HTTP/1.1" 200 60
::1 - - [03/Jun/2022:16:59:39 +0000] "POST /api/v1/register HTTP/1.1" 400 77
::1 - - [03/Jun/2022:16:59:51 +0000] "POST /api/v1/register HTTP/1.1" 400 74
