::1 - - [31/May/2022:02:25:58 +0000] "GET / HTTP/1.1" 304 -
::1 - - [31/May/2022:02:26:36 +0000] "GET /google HTTP/1.1" 302 0
::1 - - [31/May/2022:02:26:49 +0000] "GET /google/callback?code=4%2F0AX4XfWgTxx9YdQNGliG8P8ktJamgFxnay9UJP3Dof6vTUXVlhgDRAZRkkPE8182kiHOAiA&scope=email+profile+https%3A%2F%2Fwww.googleapis.com%2Fauth%2Fuserinfo.email+https%3A%2F%2Fwww.googleapis.com%2Fauth%2Fuserinfo.profile+openid&authuser=5&prompt=consent HTTP/1.1" 302 64
::1 - - [31/May/2022:02:26:49 +0000] "GET /dashboard HTTP/1.1" 200 8314
::1 - - [31/May/2022:02:26:53 +0000] "GET /user-games HTTP/1.1" 200 9967
::1 - - [31/May/2022:02:27:01 +0000] "GET /logout HTTP/1.1" 302 56
::1 - - [31/May/2022:02:27:01 +0000] "GET /login HTTP/1.1" 304 -
::1 - - [31/May/2022:02:27:23 +0000] "GET /api/v1/user-games HTTP/1.1" 401 26
::1 - - [31/May/2022:02:27:33 +0000] "POST /api/v1/login HTTP/1.1" 200 336
::1 - - [31/May/2022:02:27:52 +0000] "GET /api/v1/user-games HTTP/1.1" 200 9347
::1 - - [31/May/2022:02:28:03 +0000] "GET /api/v1/user-games-biodata HTTP/1.1" 200 1142
::1 - - [31/May/2022:02:31:22 +0000] "POST /api/v1/login HTTP/1.1" 401 50
::1 - - [31/May/2022:02:31:58 +0000] "POST /api/v1/login HTTP/1.1" 200 334
::1 - - [31/May/2022:02:32:16 +0000] "GET /api/v1/user-games HTTP/1.1" 401 66
::1 - - [31/May/2022:02:32:24 +0000] "POST /api/v1/user-games HTTP/1.1" 401 69
::1 - - [31/May/2022:02:32:39 +0000] "GET /api/v1/user-games/4 HTTP/1.1" 401 67
::1 - - [31/May/2022:02:33:23 +0000] "GET /api/v1/user-games/5 HTTP/1.1" 200 376
::1 - - [31/May/2022:02:38:01 +0000] "GET / HTTP/1.1" 304 -
::1 - - [31/May/2022:02:38:03 +0000] "GET /google HTTP/1.1" 302 0
::1 - - [31/May/2022:02:40:07 +0000] "GET / HTTP/1.1" 304 -
::1 - - [31/May/2022:02:40:09 +0000] "GET /google HTTP/1.1" 302 0
::1 - - [31/May/2022:02:40:44 +0000] "GET /google/callback?code=4%2F0AX4XfWhEujS8sIG5gR_9PNyM3TrfG3oKtmpG4QwJIxvsfUCA3scB4o8kQVRWSRPCMXXAgw&scope=email+profile+https%3A%2F%2Fwww.googleapis.com%2Fauth%2Fuserinfo.email+https%3A%2F%2Fwww.googleapis.com%2Fauth%2Fuserinfo.profile+openid&authuser=4&prompt=consent HTTP/1.1" 302 64
::1 - - [31/May/2022:02:40:44 +0000] "GET /dashboard HTTP/1.1" 200 8292
::1 - - [31/May/2022:02:40:50 +0000] "GET /logout HTTP/1.1" 302 56
::1 - - [31/May/2022:02:40:50 +0000] "GET /login HTTP/1.1" 304 -
::1 - - [31/May/2022:05:48:55 +0000] "GET / HTTP/1.1" 304 -
::1 - - [31/May/2022:05:49:01 +0000] "GET /google HTTP/1.1" 302 0
::1 - - [31/May/2022:05:49:15 +0000] "GET /google/callback?code=4%2F0AX4XfWhLBnhCpOIW7vrE2Eo90nJE5pLbNIOqGasaANBkeMzMOS2God44KT1hrRdpLijuIQ&scope=email+profile+https%3A%2F%2Fwww.googleapis.com%2Fauth%2Fuserinfo.email+https%3A%2F%2Fwww.googleapis.com%2Fauth%2Fuserinfo.profile+openid&authuser=3&prompt=consent HTTP/1.1" 302 64
::1 - - [31/May/2022:05:49:15 +0000] "GET /dashboard HTTP/1.1" 200 8279
::1 - - [31/May/2022:05:49:19 +0000] "GET /user-games HTTP/1.1" 200 9929
::1 - - [31/May/2022:05:49:22 +0000] "GET /dashboard HTTP/1.1" 304 -
::1 - - [31/May/2022:05:49:24 +0000] "GET /user-games HTTP/1.1" 304 -
::1 - - [31/May/2022:05:49:25 +0000] "GET /dashboard HTTP/1.1" 304 -
::1 - - [31/May/2022:05:49:27 +0000] "GET /user-games HTTP/1.1" 304 -
::1 - - [31/May/2022:05:49:38 +0000] "GET /dashboard HTTP/1.1" 304 -
::1 - - [31/May/2022:05:49:56 +0000] "POST /api/v1/login HTTP/1.1" 200 336
::1 - - [31/May/2022:05:50:17 +0000] "GET /api/v1/user-games HTTP/1.1" 200 9362
::1 - - [31/May/2022:05:51:17 +0000] "POST /api/v1/login HTTP/1.1" 200 334
::1 - - [31/May/2022:05:51:36 +0000] "GET /api/v1/user-games HTTP/1.1" 304 -
::1 - - [31/May/2022:05:52:07 +0000] "GET /api/v1/user-games-history HTTP/1.1" 200 74
::1 - - [31/May/2022:05:52:17 +0000] "GET /api/v1/user-games-biodata HTTP/1.1" 200 1157
::1 - - [31/May/2022:05:52:18 +0000] "GET /api/v1/user-games-biodata HTTP/1.1" 304 -
::1 - - [31/May/2022:10:25:03 +0000] "GET / HTTP/1.1" 304 -
::1 - - [31/May/2022:10:30:40 +0000] "PUT /api/v1/user-games/15 HTTP/1.1" 401 26
::1 - - [31/May/2022:11:47:53 +0000] "POST /api/v1/login HTTP/1.1" 200 32
::1 - - [31/May/2022:11:47:58 +0000] "POST /api/v1/register HTTP/1.1" 201 351
::1 - - [31/May/2022:11:48:05 +0000] "POST /api/v1/login HTTP/1.1" 200 336
::1 - - [31/May/2022:11:50:19 +0000] "POST /api/v1/login HTTP/1.1" 200 336
::1 - - [31/May/2022:11:51:44 +0000] "POST /api/v1/login HTTP/1.1" 200 336
::1 - - [31/May/2022:11:53:42 +0000] "POST /api/v1/login HTTP/1.1" 200 336
::1 - - [31/May/2022:11:56:22 +0000] "POST /api/v1/login HTTP/1.1" 200 336
::1 - - [31/May/2022:12:00:49 +0000] "POST /api/v1/login HTTP/1.1" 200 32
::1 - - [31/May/2022:12:00:54 +0000] "GET /api/v1/user-games HTTP/1.1" 401 26
::1 - - [31/May/2022:12:01:06 +0000] "POST /api/v1/register HTTP/1.1" 201 351
::1 - - [31/May/2022:12:01:10 +0000] "POST /api/v1/login HTTP/1.1" 200 336
::1 - - [31/May/2022:12:01:21 +0000] "POST /api/v1/register HTTP/1.1" 400 49
::1 - - [31/May/2022:12:03:13 +0000] "GET /api/v1/user-games-biodata HTTP/1.1" 403 58
::1 - - [31/May/2022:12:04:14 +0000] "GET /api/v1/user-games-biodata HTTP/1.1" 403 58
::1 - - [31/May/2022:12:04:19 +0000] "GET /api/v1/user-games-biodata HTTP/1.1" 403 58
::1 - - [31/May/2022:12:05:13 +0000] "GET /api/v1/user-games-biodata HTTP/1.1" 403 58
::1 - - [31/May/2022:12:07:20 +0000] "GET /api/v1/user-games-biodata HTTP/1.1" 403 58
::1 - - [31/May/2022:12:10:29 +0000] "GET /api/v1/user-games-biodata/4 HTTP/1.1" 403 58
::1 - - [31/May/2022:12:15:48 +0000] "GET /api/v1/user-games-biodata/4 HTTP/1.1" 403 58
::1 - - [31/May/2022:12:16:07 +0000] "GET /api/v1/user-games-biodata HTTP/1.1" 500 92
::1 - - [31/May/2022:12:19:44 +0000] "GET /api/v1/user-games-biodata HTTP/1.1" 500 92
::1 - - [31/May/2022:12:21:37 +0000] "GET /api/v1/user-games-biodata HTTP/1.1" 200 74
::1 - - [31/May/2022:12:23:57 +0000] "POST /api/v1/register HTTP/1.1" 201 350
::1 - - [31/May/2022:12:24:31 +0000] "POST /api/v1/login HTTP/1.1" 200 335
::1 - - [31/May/2022:12:25:12 +0000] "GET /api/v1/user-games-biodata HTTP/1.1" 500 96
::1 - - [31/May/2022:12:25:39 +0000] "GET /api/v1/user-games/4 HTTP/1.1" 403 58
::1 - - [31/May/2022:12:26:00 +0000] "GET /api/v1/user-games/11 HTTP/1.1" 403 58
::1 - - [31/May/2022:12:26:06 +0000] "GET /api/v1/user-games/11 HTTP/1.1" 403 58
::1 - - [31/May/2022:12:27:37 +0000] "GET /api/v1/user-games HTTP/1.1" 500 96
::1 - - [31/May/2022:12:28:04 +0000] "POST /api/v1/login HTTP/1.1" 200 32
::1 - - [31/May/2022:12:28:26 +0000] "POST /api/v1/register HTTP/1.1" 400 46
::1 - - [31/May/2022:12:28:34 +0000] "POST /api/v1/register HTTP/1.1" 201 356
::1 - - [31/May/2022:12:28:43 +0000] "POST /api/v1/login HTTP/1.1" 200 343
::1 - - [31/May/2022:12:30:29 +0000] "DELETE /api/v1/user-games/7 HTTP/1.1" 403 58
