::1 - - [01/Jun/2022:02:58:00 +0000] "GET /api/v1/user-games HTTP/1.1" 401 26
::1 - - [01/Jun/2022:02:58:06 +0000] "GET /api/v1/user-games HTTP/1.1" 401 26
::1 - - [01/Jun/2022:02:58:17 +0000] "POST /api/v1/login HTTP/1.1" 200 343
::1 - - [01/Jun/2022:02:58:36 +0000] "GET /api/v1/user-games HTTP/1.1" 500 96
::1 - - [01/Jun/2022:03:01:49 +0000] "POST /api/v1/login HTTP/1.1" 200 343
::1 - - [01/Jun/2022:03:02:07 +0000] "GET /api/v1/user-games HTTP/1.1" 403 67
::1 - - [01/Jun/2022:03:02:51 +0000] "POST /api/v1/login HTTP/1.1" 200 343
::1 - - [01/Jun/2022:03:03:17 +0000] "GET /api/v1/user-games HTTP/1.1" 200 5762
::1 - - [01/Jun/2022:03:04:34 +0000] "GET /api/v1/user-games-biodata HTTP/1.1" 200 74
::1 - - [01/Jun/2022:03:05:46 +0000] "GET /api/v1/user-games HTTP/1.1" 304 -
::1 - - [01/Jun/2022:03:06:02 +0000] "POST /api/v1/login HTTP/1.1" 200 343
::1 - - [01/Jun/2022:03:06:16 +0000] "GET /api/v1/user-games HTTP/1.1" 304 -
::1 - - [01/Jun/2022:03:08:20 +0000] "POST /api/v1/user-games-biodata HTTP/1.1" 201 302
::1 - - [01/Jun/2022:03:08:32 +0000] "GET /api/v1/user-games HTTP/1.1" 200 6004
::1 - - [01/Jun/2022:03:08:46 +0000] "GET /api/v1/user-games HTTP/1.1" 403 67
::1 - - [01/Jun/2022:03:09:07 +0000] "POST /api/v1/login HTTP/1.1" 200 343
::1 - - [01/Jun/2022:03:09:22 +0000] "GET /api/v1/user-games HTTP/1.1" 200 6004
::1 - - [01/Jun/2022:03:11:11 +0000] "GET /api/v1/user-games HTTP/1.1" 304 -
::1 - - [01/Jun/2022:03:11:15 +0000] "GET /api/v1/user-games HTTP/1.1" 304 -
::1 - - [01/Jun/2022:03:11:21 +0000] "POST /api/v1/login HTTP/1.1" 200 343
::1 - - [01/Jun/2022:03:11:38 +0000] "GET /api/v1/user-games HTTP/1.1" 304 -
::1 - - [01/Jun/2022:03:13:05 +0000] "GET /api/v1/user-games HTTP/1.1" 403 631
::1 - - [01/Jun/2022:03:13:33 +0000] "POST /api/v1/login HTTP/1.1" 200 343
::1 - - [01/Jun/2022:03:13:52 +0000] "GET /api/v1/user-games HTTP/1.1" 200 630
::1 - - [01/Jun/2022:03:14:00 +0000] "GET /api/v1/user-games-history HTTP/1.1" 200 630
::1 - - [01/Jun/2022:03:14:19 +0000] "GET /api/v1/user-games-biodata HTTP/1.1" 200 630
::1 - - [01/Jun/2022:03:15:32 +0000] "GET /api/v1/user-games HTTP/1.1" 200 6004
::1 - - [01/Jun/2022:03:16:27 +0000] "PUT /api/v1/user-games/15 HTTP/1.1" 403 58
::1 - - [01/Jun/2022:03:16:34 +0000] "PUT /api/v1/user-games/12 HTTP/1.1" 403 58
::1 - - [01/Jun/2022:03:16:49 +0000] "PUT /api/v1/user-games/12 HTTP/1.1" 403 58
::1 - - [01/Jun/2022:03:17:32 +0000] "PUT /api/v1/user-games/12 HTTP/1.1" 403 58
