::1 - - [27/May/2022:00:57:13 +0000] "GET / HTTP/1.1" 304 -
::1 - - [27/May/2022:00:57:22 +0000] "GET / HTTP/1.1" 200 4493
::1 - - [27/May/2022:00:57:22 +0000] "GET / HTTP/1.1" 304 -
::1 - - [27/May/2022:00:58:14 +0000] "POST /logins HTTP/1.1" 302 62
::1 - - [27/May/2022:00:58:14 +0000] "GET /dashboard HTTP/1.1" 200 8303
::1 - - [27/May/2022:00:58:18 +0000] "GET /user-games HTTP/1.1" 200 9911
::1 - - [27/May/2022:00:59:27 +0000] "GET /user-games/add HTTP/1.1" 302 56
::1 - - [27/May/2022:00:59:27 +0000] "GET /login HTTP/1.1" 200 4493
::1 - - [27/May/2022:00:59:27 +0000] "GET /login HTTP/1.1" 304 -
::1 - - [27/May/2022:01:00:23 +0000] "GET /login HTTP/1.1" 304 -
::1 - - [27/May/2022:01:01:28 +0000] "GET /login HTTP/1.1" 304 -
::1 - - [27/May/2022:01:02:56 +0000] "POST /logins HTTP/1.1" 302 54
::1 - - [27/May/2022:01:02:57 +0000] "GET /login HTTP/1.1" 200 4615
::1 - - [27/May/2022:01:05:50 +0000] "POST /logins HTTP/1.1" 302 62
::1 - - [27/May/2022:01:05:51 +0000] "GET /dashboard HTTP/1.1" 304 -
::1 - - [27/May/2022:01:05:58 +0000] "GET /user-games HTTP/1.1" 200 10190
::1 - - [27/May/2022:01:06:15 +0000] "GET /user-games/add HTTP/1.1" 302 66
::1 - - [27/May/2022:01:06:15 +0000] "GET /user-games HTTP/1.1" 304 -
::1 - - [27/May/2022:01:13:04 +0000] "GET /user-games-biodata HTTP/1.1" 302 56
::1 - - [27/May/2022:01:13:05 +0000] "GET /login HTTP/1.1" 200 4493
::1 - - [27/May/2022:01:13:13 +0000] "POST /logins HTTP/1.1" 302 62
::1 - - [27/May/2022:01:13:13 +0000] "GET /dashboard HTTP/1.1" 304 -
::1 - - [27/May/2022:01:13:14 +0000] "GET /user-games HTTP/1.1" 304 -
::1 - - [27/May/2022:01:14:55 +0000] "GET /user-games-biodata HTTP/1.1" 302 56
::1 - - [27/May/2022:01:14:55 +0000] "GET /login HTTP/1.1" 304 -
::1 - - [27/May/2022:01:15:01 +0000] "POST /logins HTTP/1.1" 302 62
::1 - - [27/May/2022:01:15:01 +0000] "GET /dashboard HTTP/1.1" 304 -
::1 - - [27/May/2022:01:15:04 +0000] "GET /user-games HTTP/1.1" 304 -
::1 - - [27/May/2022:01:15:31 +0000] "GET /user-games-biodata HTTP/1.1" 302 56
::1 - - [27/May/2022:01:15:31 +0000] "GET /login HTTP/1.1" 304 -
::1 - - [27/May/2022:01:15:38 +0000] "POST /logins HTTP/1.1" 302 62
::1 - - [27/May/2022:01:15:38 +0000] "GET /dashboard HTTP/1.1" 304 -
::1 - - [27/May/2022:01:15:39 +0000] "GET /user-games HTTP/1.1" 304 -
::ffff:127.0.0.1 - - [27/May/2022:01:19:21 +0000] "GET /user-games-biodata HTTP/1.1" 302 56
::ffff:127.0.0.1 - - [27/May/2022:01:19:22 +0000] "GET /login HTTP/1.1" 304 -
::ffff:127.0.0.1 - - [27/May/2022:01:19:22 +0000] "GET /login HTTP/1.1" 304 -
::1 - - [27/May/2022:01:20:00 +0000] "POST /logins HTTP/1.1" 302 62
::1 - - [27/May/2022:01:20:00 +0000] "GET /dashboard HTTP/1.1" 304 -
::1 - - [27/May/2022:01:20:04 +0000] "GET /user-games HTTP/1.1" 304 -
::1 - - [27/May/2022:01:20:36 +0000] "GET /user-games-biodata HTTP/1.1" 302 56
::1 - - [27/May/2022:01:20:36 +0000] "GET /login HTTP/1.1" 304 -
::1 - - [27/May/2022:01:20:56 +0000] "POST /logins HTTP/1.1" 302 62
::1 - - [27/May/2022:01:20:56 +0000] "GET /dashboard HTTP/1.1" 304 -
::1 - - [27/May/2022:01:20:58 +0000] "GET /user-games HTTP/1.1" 304 -
::1 - - [27/May/2022:01:21:04 +0000] "GET /user-games-biodata HTTP/1.1" 500 9551
::1 - - [27/May/2022:01:21:26 +0000] "GET /user-games-history HTTP/1.1" 200 9512
::1 - - [27/May/2022:01:27:30 +0000] "GET /user-games-history/add HTTP/1.1" 302 56
::1 - - [27/May/2022:01:27:30 +0000] "GET /login HTTP/1.1" 304 -
::1 - - [27/May/2022:01:27:38 +0000] "POST /logins HTTP/1.1" 302 54
::1 - - [27/May/2022:01:27:38 +0000] "GET /login HTTP/1.1" 200 4615
::1 - - [27/May/2022:01:27:45 +0000] "POST /logins HTTP/1.1" 302 62
::1 - - [27/May/2022:01:27:46 +0000] "GET /dashboard HTTP/1.1" 304 -
::1 - - [27/May/2022:01:27:48 +0000] "GET /user-games HTTP/1.1" 304 -
::1 - - [27/May/2022:01:27:51 +0000] "GET /user-games-biodata HTTP/1.1" 500 -
::1 - - [27/May/2022:01:27:54 +0000] "GET /user-games-biodata/add HTTP/1.1" 302 82
::1 - - [27/May/2022:01:27:54 +0000] "GET /user-games-biodata HTTP/1.1" 304 -
::1 - - [27/May/2022:01:28:29 +0000] "GET /user-games HTTP/1.1" 304 -
::1 - - [27/May/2022:01:28:30 +0000] "GET /user-games/biodata/7 HTTP/1.1" 200 17044
::1 - - [27/May/2022:01:28:40 +0000] "GET /user-games/biodata/8 HTTP/1.1" 400 14525
::1 - - [27/May/2022:01:29:36 +0000] "GET /user-games HTTP/1.1" 302 56
::1 - - [27/May/2022:01:29:36 +0000] "GET /login HTTP/1.1" 200 4493
::1 - - [27/May/2022:01:51:10 +0000] "GET / HTTP/1.1" 304 -
::1 - - [27/May/2022:01:51:19 +0000] "POST /logins HTTP/1.1" 302 62
::1 - - [27/May/2022:01:51:19 +0000] "GET /dashboard HTTP/1.1" 304 -
::1 - - [27/May/2022:01:51:27 +0000] "POST /logins HTTP/1.1" 302 64
::1 - - [27/May/2022:01:51:27 +0000] "GET /dashboard HTTP/1.1" 304 -
::1 - - [27/May/2022:01:51:28 +0000] "GET /user-games HTTP/1.1" 200 10190
::1 - - [27/May/2022:01:51:37 +0000] "GET /logout HTTP/1.1" 302 56
::1 - - [27/May/2022:01:51:37 +0000] "GET /login HTTP/1.1" 200 4493
::1 - - [27/May/2022:01:51:41 +0000] "POST /logins HTTP/1.1" 302 62
::1 - - [27/May/2022:01:51:42 +0000] "GET /dashboard HTTP/1.1" 200 8278
::1 - - [27/May/2022:01:51:44 +0000] "GET /user-games HTTP/1.1" 200 31898
::1 - - [27/May/2022:01:51:53 +0000] "GET /user-games-biodata HTTP/1.1" 500 3340
::1 - - [27/May/2022:01:52:51 +0000] "GET /user-games-biodata HTTP/1.1" 302 56
::1 - - [27/May/2022:01:52:51 +0000] "GET /login HTTP/1.1" 304 -
::1 - - [27/May/2022:01:52:56 +0000] "POST /logins HTTP/1.1" 302 62
::1 - - [27/May/2022:01:52:57 +0000] "GET /dashboard HTTP/1.1" 304 -
::1 - - [27/May/2022:01:52:59 +0000] "GET /user-games HTTP/1.1" 304 -
::1 - - [27/May/2022:01:53:05 +0000] "GET /user-games-biodata HTTP/1.1" 200 11310
::1 - - [27/May/2022:01:53:28 +0000] "GET /user-games-history HTTP/1.1" 200 9497
::1 - - [27/May/2022:01:53:53 +0000] "GET /user-games-biodata/add HTTP/1.1" 302 82
::1 - - [27/May/2022:01:53:53 +0000] "GET /user-games-biodata HTTP/1.1" 304 -
::1 - - [27/May/2022:01:54:44 +0000] "GET /user-games-history HTTP/1.1" 200 9493
::1 - - [27/May/2022:01:54:56 +0000] "GET /user-games-history/add HTTP/1.1" 200 12304
::1 - - [27/May/2022:02:00:57 +0000] "GET /user-games-history/add HTTP/1.1" 302 56
::1 - - [27/May/2022:02:00:57 +0000] "GET /login HTTP/1.1" 304 -
::1 - - [27/May/2022:02:01:04 +0000] "POST /logins HTTP/1.1" 302 62
::1 - - [27/May/2022:02:01:04 +0000] "GET /dashboard HTTP/1.1" 304 -
::1 - - [27/May/2022:02:01:09 +0000] "GET /user-games HTTP/1.1" 304 -
::1 - - [27/May/2022:02:01:16 +0000] "GET /user-games-history HTTP/1.1" 304 -
::1 - - [27/May/2022:02:01:18 +0000] "GET /user-games-history/add HTTP/1.1" 500 1951
::1 - - [27/May/2022:02:01:49 +0000] "GET /user-games-history/add HTTP/1.1" 200 14667
::1 - - [27/May/2022:02:02:36 +0000] "GET /user-games-history/add HTTP/1.1" 200 14689
::1 - - [27/May/2022:02:02:44 +0000] "POST /user-games-history/add HTTP/1.1" 400 3326
::1 - - [27/May/2022:02:02:58 +0000] "GET /user-games-history/add HTTP/1.1" 304 -
::1 - - [27/May/2022:02:03:23 +0000] "GET /user-games-history/add HTTP/1.1" 200 14788
::1 - - [27/May/2022:02:03:59 +0000] "GET /user-games-history/add HTTP/1.1" 200 14788
::1 - - [27/May/2022:02:04:47 +0000] "GET /user-games-history/add HTTP/1.1" 200 14816
::1 - - [27/May/2022:02:04:57 +0000] "POST /user-games-history/add HTTP/1.1" 400 3326
::1 - - [27/May/2022:02:04:59 +0000] "GET /dashboard HTTP/1.1" 304 -
::ffff:127.0.0.1 - - [27/May/2022:02:05:31 +0000] "GET /dashboard HTTP/1.1" 302 56
::ffff:127.0.0.1 - - [27/May/2022:02:05:31 +0000] "GET /login HTTP/1.1" 304 -
::1 - - [27/May/2022:02:05:36 +0000] "POST /logins HTTP/1.1" 302 62
::1 - - [27/May/2022:02:05:36 +0000] "GET /dashboard HTTP/1.1" 200 8278
::1 - - [27/May/2022:02:05:37 +0000] "GET /user-games HTTP/1.1" 304 -
::1 - - [27/May/2022:02:05:41 +0000] "GET /user-games-history/add HTTP/1.1" 200 14774
::1 - - [27/May/2022:02:06:35 +0000] "GET /user-games-history/add HTTP/1.1" 304 -
::1 - - [27/May/2022:02:07:00 +0000] "GET /user-games-history/add HTTP/1.1" 302 56
::1 - - [27/May/2022:02:07:00 +0000] "GET /login HTTP/1.1" 304 -
::1 - - [27/May/2022:02:07:05 +0000] "POST /logins HTTP/1.1" 302 62
::1 - - [27/May/2022:02:07:05 +0000] "GET /dashboard HTTP/1.1" 304 -
::1 - - [27/May/2022:02:07:12 +0000] "GET /user-games-history/add HTTP/1.1" 200 14774
::1 - - [27/May/2022:02:09:45 +0000] "GET /user-games-history/add HTTP/1.1" 302 56
::1 - - [27/May/2022:02:09:45 +0000] "GET /login HTTP/1.1" 304 -
::1 - - [27/May/2022:02:09:52 +0000] "POST /logins HTTP/1.1" 302 62
::1 - - [27/May/2022:02:09:52 +0000] "GET /dashboard HTTP/1.1" 304 -
::1 - - [27/May/2022:02:09:54 +0000] "GET /user-games HTTP/1.1" 304 -
::1 - - [27/May/2022:02:09:59 +0000] "GET /user-games-history/add HTTP/1.1" 500 3671
::1 - - [27/May/2022:02:10:22 +0000] "GET /user-games-history/add HTTP/1.1" 200 14774
::1 - - [27/May/2022:02:11:30 +0000] "GET /user-games-history/add HTTP/1.1" 302 56
::1 - - [27/May/2022:02:11:30 +0000] "GET /login HTTP/1.1" 304 -
::1 - - [27/May/2022:02:11:34 +0000] "POST /logins HTTP/1.1" 302 62
::1 - - [27/May/2022:02:11:34 +0000] "GET /dashboard HTTP/1.1" 304 -
::1 - - [27/May/2022:02:11:35 +0000] "GET /user-games HTTP/1.1" 304 -
::1 - - [27/May/2022:02:11:39 +0000] "GET /user-games-history/add HTTP/1.1" 500 1790
::1 - - [27/May/2022:02:11:52 +0000] "GET /user-games-history/add HTTP/1.1" 302 56
::1 - - [27/May/2022:02:11:52 +0000] "GET /login HTTP/1.1" 304 -
::1 - - [27/May/2022:02:11:58 +0000] "POST /logins HTTP/1.1" 302 62
::1 - - [27/May/2022:02:11:58 +0000] "GET /dashboard HTTP/1.1" 304 -
::1 - - [27/May/2022:02:11:59 +0000] "GET /user-games HTTP/1.1" 304 -
::1 - - [27/May/2022:02:12:03 +0000] "GET /user-games-history/add HTTP/1.1" 500 1782
::1 - - [27/May/2022:02:12:14 +0000] "GET /user-games-history/add HTTP/1.1" 302 56
::1 - - [27/May/2022:02:12:14 +0000] "GET /login HTTP/1.1" 304 -
::1 - - [27/May/2022:02:12:19 +0000] "POST /logins HTTP/1.1" 302 62
::1 - - [27/May/2022:02:12:19 +0000] "GET /dashboard HTTP/1.1" 304 -
::1 - - [27/May/2022:02:12:20 +0000] "GET /user-games HTTP/1.1" 304 -
::1 - - [27/May/2022:02:12:23 +0000] "GET /user-games-history/add HTTP/1.1" 200 14774
::ffff:127.0.0.1 - - [27/May/2022:02:13:08 +0000] "GET /user-games-history/add HTTP/1.1" 302 56
::ffff:127.0.0.1 - - [27/May/2022:02:13:08 +0000] "GET /login HTTP/1.1" 304 -
::1 - - [27/May/2022:02:13:12 +0000] "POST /logins HTTP/1.1" 302 62
::1 - - [27/May/2022:02:13:12 +0000] "GET /dashboard HTTP/1.1" 304 -
::1 - - [27/May/2022:02:13:13 +0000] "GET /user-games HTTP/1.1" 304 -
::1 - - [27/May/2022:02:13:18 +0000] "GET /user-games-history/add HTTP/1.1" 500 1817
::1 - - [27/May/2022:02:13:26 +0000] "GET /user-games-history/add HTTP/1.1" 500 1817
::1 - - [27/May/2022:02:13:28 +0000] "GET /user-games-history/add HTTP/1.1" 302 56
::1 - - [27/May/2022:02:13:28 +0000] "GET /login HTTP/1.1" 304 -
::1 - - [27/May/2022:02:13:33 +0000] "POST /logins HTTP/1.1" 302 62
::1 - - [27/May/2022:02:13:33 +0000] "GET /dashboard HTTP/1.1" 304 -
::1 - - [27/May/2022:02:13:38 +0000] "GET /user-games-history/add HTTP/1.1" 500 1817
::ffff:127.0.0.1 - - [27/May/2022:02:14:28 +0000] "GET /user-games-history/add HTTP/1.1" 302 56
::ffff:127.0.0.1 - - [27/May/2022:02:14:28 +0000] "GET /login HTTP/1.1" 304 -
::1 - - [27/May/2022:02:14:34 +0000] "POST /logins HTTP/1.1" 302 62
::1 - - [27/May/2022:02:14:34 +0000] "GET /dashboard HTTP/1.1" 304 -
::1 - - [27/May/2022:02:14:36 +0000] "GET /user-games HTTP/1.1" 304 -
::1 - - [27/May/2022:02:14:39 +0000] "GET /user-games/add HTTP/1.1" 200 13224
::1 - - [27/May/2022:02:14:50 +0000] "GET /user-games-history/add HTTP/1.1" 200 14774
::1 - - [27/May/2022:02:15:55 +0000] "GET /user-games HTTP/1.1" 302 56
::1 - - [27/May/2022:02:15:55 +0000] "GET /login HTTP/1.1" 304 -
::1 - - [27/May/2022:02:16:00 +0000] "POST /logins HTTP/1.1" 302 62
::1 - - [27/May/2022:02:16:00 +0000] "GET /dashboard HTTP/1.1" 304 -
::1 - - [27/May/2022:02:16:02 +0000] "GET /user-games HTTP/1.1" 200 31898
::1 - - [27/May/2022:02:16:16 +0000] "GET /user-games-history/add HTTP/1.1" 500 3377
::1 - - [27/May/2022:02:17:03 +0000] "GET /user-games-history/add HTTP/1.1" 302 56
::1 - - [27/May/2022:02:17:03 +0000] "GET /login HTTP/1.1" 304 -
::1 - - [27/May/2022:02:17:08 +0000] "POST /logins HTTP/1.1" 302 62
::1 - - [27/May/2022:02:17:08 +0000] "GET /dashboard HTTP/1.1" 304 -
::1 - - [27/May/2022:02:17:10 +0000] "GET /user-games HTTP/1.1" 304 -
::1 - - [27/May/2022:02:17:18 +0000] "GET /user-games-history/add HTTP/1.1" 500 3660
::1 - - [27/May/2022:02:19:12 +0000] "GET /user-games-history/add HTTP/1.1" 302 56
::1 - - [27/May/2022:02:19:12 +0000] "GET /login HTTP/1.1" 304 -
::1 - - [27/May/2022:02:19:17 +0000] "POST /logins HTTP/1.1" 302 62
::1 - - [27/May/2022:02:19:17 +0000] "GET /dashboard HTTP/1.1" 304 -
::1 - - [27/May/2022:02:19:18 +0000] "GET /user-games HTTP/1.1" 304 -
::1 - - [27/May/2022:02:19:25 +0000] "GET /user-games-biodata HTTP/1.1" 304 -
::1 - - [27/May/2022:02:19:28 +0000] "GET /user-games-history HTTP/1.1" 304 -
::1 - - [27/May/2022:02:19:30 +0000] "GET /user-games-history/add HTTP/1.1" 500 3482
::1 - - [27/May/2022:02:20:20 +0000] "GET /user-games-history/add HTTP/1.1" 200 14774
::1 - - [27/May/2022:02:20:24 +0000] "GET /user-games-history/add HTTP/1.1" 304 -
::1 - - [27/May/2022:02:20:49 +0000] "GET /user-games-history/add HTTP/1.1" 500 3441
::1 - - [27/May/2022:02:21:36 +0000] "GET /user-games-history/add HTTP/1.1" 200 16510
::1 - - [27/May/2022:02:23:27 +0000] "GET /user-games-history/add HTTP/1.1" 200 12415
::1 - - [27/May/2022:02:23:32 +0000] "GET /logout HTTP/1.1" 302 56
::1 - - [27/May/2022:02:23:33 +0000] "GET /login HTTP/1.1" 304 -
::1 - - [27/May/2022:02:23:43 +0000] "POST /logins HTTP/1.1" 302 62
::1 - - [27/May/2022:02:23:43 +0000] "GET /dashboard HTTP/1.1" 200 8303
::1 - - [27/May/2022:02:23:46 +0000] "GET /user-games HTTP/1.1" 200 10190
::1 - - [27/May/2022:02:23:52 +0000] "GET /user-games-history/add HTTP/1.1" 200 12447
::1 - - [27/May/2022:02:24:29 +0000] "GET /user-games-history/add HTTP/1.1" 200 12395
::1 - - [27/May/2022:02:25:21 +0000] "GET /user-games-history/add HTTP/1.1" 200 12268
::1 - - [27/May/2022:02:33:12 +0000] "GET /dashboard HTTP/1.1" 304 -
::1 - - [27/May/2022:02:33:14 +0000] "GET /user-games HTTP/1.1" 304 -
::1 - - [27/May/2022:02:33:29 +0000] "GET /user-games/biodata/7 HTTP/1.1" 304 -
::1 - - [27/May/2022:02:36:28 +0000] "GET /user-games/biodata/7 HTTP/1.1" 302 56
::1 - - [27/May/2022:02:36:28 +0000] "GET /login HTTP/1.1" 304 -
::1 - - [27/May/2022:02:36:32 +0000] "POST /logins HTTP/1.1" 302 62
::1 - - [27/May/2022:02:36:32 +0000] "GET /dashboard HTTP/1.1" 200 8278
::1 - - [27/May/2022:02:36:34 +0000] "GET /user-games HTTP/1.1" 200 31898
::1 - - [27/May/2022:02:36:38 +0000] "GET /user-games/biodata/7 HTTP/1.1" 200 17029
::1 - - [27/May/2022:02:36:41 +0000] "GET /user-games/biodata/4 HTTP/1.1" 400 14510
::1 - - [27/May/2022:02:36:47 +0000] "GET /logout HTTP/1.1" 302 56
::1 - - [27/May/2022:02:36:47 +0000] "GET /login HTTP/1.1" 304 -
::1 - - [27/May/2022:02:37:01 +0000] "POST /logins HTTP/1.1" 302 54
::1 - - [27/May/2022:02:37:01 +0000] "GET /login HTTP/1.1" 200 4615
::1 - - [27/May/2022:02:37:07 +0000] "POST /logins HTTP/1.1" 302 62
::1 - - [27/May/2022:02:37:07 +0000] "GET /dashboard HTTP/1.1" 200 8303
::1 - - [27/May/2022:02:37:10 +0000] "GET /user-games HTTP/1.1" 200 10190
::1 - - [27/May/2022:02:37:12 +0000] "GET /user-games/biodata/7 HTTP/1.1" 500 1801
::1 - - [27/May/2022:02:37:51 +0000] "GET /user-games/biodata/7 HTTP/1.1" 302 56
::1 - - [27/May/2022:02:37:51 +0000] "GET /login HTTP/1.1" 200 4493
::1 - - [27/May/2022:02:37:55 +0000] "POST /logins HTTP/1.1" 302 62
::1 - - [27/May/2022:02:37:55 +0000] "GET /dashboard HTTP/1.1" 200 8278
::1 - - [27/May/2022:02:37:57 +0000] "GET /user-games HTTP/1.1" 200 31898
::ffff:127.0.0.1 - - [27/May/2022:02:38:00 +0000] "GET /logout HTTP/1.1" 302 56
::ffff:127.0.0.1 - - [27/May/2022:02:38:00 +0000] "GET /login HTTP/1.1" 304 -
::1 - - [27/May/2022:02:38:05 +0000] "POST /logins HTTP/1.1" 302 62
::1 - - [27/May/2022:02:38:05 +0000] "GET /dashboard HTTP/1.1" 200 8303
::1 - - [27/May/2022:02:38:08 +0000] "GET /user-games HTTP/1.1" 200 10190
::ffff:127.0.0.1 - - [27/May/2022:02:38:10 +0000] "GET /user-games/biodata/7 HTTP/1.1" 500 1801
::1 - - [27/May/2022:02:40:11 +0000] "GET /user-games/biodata/7 HTTP/1.1" 302 56
::1 - - [27/May/2022:02:40:11 +0000] "GET /login HTTP/1.1" 304 -
::1 - - [27/May/2022:02:40:17 +0000] "POST /logins HTTP/1.1" 302 54
::1 - - [27/May/2022:02:40:17 +0000] "GET /login HTTP/1.1" 200 4615
::1 - - [27/May/2022:02:40:24 +0000] "POST /logins HTTP/1.1" 302 62
::1 - - [27/May/2022:02:40:24 +0000] "GET /dashboard HTTP/1.1" 304 -
::1 - - [27/May/2022:02:40:26 +0000] "GET /user-games HTTP/1.1" 304 -
::1 - - [27/May/2022:02:40:28 +0000] "GET /user-games/biodata/7 HTTP/1.1" 200 17044
::1 - - [27/May/2022:02:40:31 +0000] "GET /user-games/biodata/3 HTTP/1.1" 400 14525
::ffff:127.0.0.1 - - [27/May/2022:02:41:06 +0000] "GET /user-games/biodata/3 HTTP/1.1" 302 56
::ffff:127.0.0.1 - - [27/May/2022:02:41:06 +0000] "GET /login HTTP/1.1" 200 4493
::1 - - [27/May/2022:02:41:28 +0000] "POST /logins HTTP/1.1" 302 54
::1 - - [27/May/2022:02:41:28 +0000] "GET /login HTTP/1.1" 200 4615
::1 - - [27/May/2022:02:41:34 +0000] "POST /logins HTTP/1.1" 302 62
::1 - - [27/May/2022:02:41:34 +0000] "GET /dashboard HTTP/1.1" 304 -
::1 - - [27/May/2022:02:41:36 +0000] "GET /user-games HTTP/1.1" 304 -
::1 - - [27/May/2022:02:41:39 +0000] "GET /user-games/biodata/7 HTTP/1.1" 200 17044
::1 - - [27/May/2022:02:41:46 +0000] "GET /user-games/biodata/2 HTTP/1.1" 302 14525
::1 - - [27/May/2022:02:42:39 +0000] "GET /user-games/biodata/2 HTTP/1.1" 302 56
::1 - - [27/May/2022:02:42:39 +0000] "GET /login HTTP/1.1" 200 4493
::1 - - [27/May/2022:02:42:45 +0000] "POST /logins HTTP/1.1" 302 54
::1 - - [27/May/2022:02:42:45 +0000] "GET /login HTTP/1.1" 200 4615
::1 - - [27/May/2022:02:42:51 +0000] "POST /logins HTTP/1.1" 302 54
::1 - - [27/May/2022:02:42:51 +0000] "GET /login HTTP/1.1" 304 -
::1 - - [27/May/2022:02:42:56 +0000] "POST /logins HTTP/1.1" 302 62
::1 - - [27/May/2022:02:42:56 +0000] "GET /dashboard HTTP/1.1" 304 -
::1 - - [27/May/2022:02:42:57 +0000] "GET /user-games HTTP/1.1" 304 -
::1 - - [27/May/2022:02:43:00 +0000] "GET /user-games/biodata/7 HTTP/1.1" 200 17044
::1 - - [27/May/2022:02:46:04 +0000] "GET /user-games/biodata/7 HTTP/1.1" 302 56
::1 - - [27/May/2022:02:46:04 +0000] "GET /login HTTP/1.1" 200 4493
::1 - - [27/May/2022:02:46:09 +0000] "POST /logins HTTP/1.1" 302 54
::1 - - [27/May/2022:02:46:09 +0000] "GET /login HTTP/1.1" 200 4615
::1 - - [27/May/2022:02:46:16 +0000] "POST /logins HTTP/1.1" 302 62
::1 - - [27/May/2022:02:46:16 +0000] "GET /dashboard HTTP/1.1" 304 -
::1 - - [27/May/2022:02:46:18 +0000] "GET /user-games HTTP/1.1" 304 -
::1 - - [27/May/2022:02:46:21 +0000] "GET /user-games/biodata/7 HTTP/1.1" 200 17044
::1 - - [27/May/2022:02:46:33 +0000] "GET /user-games/biodata/3 HTTP/1.1" 302 17044
::1 - - [27/May/2022:02:46:40 +0000] "GET /user-games/biodata/3 HTTP/1.1" 302 17044
::1 - - [27/May/2022:02:47:30 +0000] "GET /user-games/biodata/2 HTTP/1.1" 302 17044
::1 - - [27/May/2022:02:47:34 +0000] "GET /user-games/biodata/7 HTTP/1.1" 302 17044
::1 - - [27/May/2022:02:47:40 +0000] "GET /logout HTTP/1.1" 302 56
::1 - - [27/May/2022:02:47:40 +0000] "GET /login HTTP/1.1" 200 4493
::1 - - [27/May/2022:02:47:43 +0000] "POST /logins HTTP/1.1" 302 62
::1 - - [27/May/2022:02:47:43 +0000] "GET /dashboard HTTP/1.1" 200 8278
::1 - - [27/May/2022:02:47:44 +0000] "GET /user-games HTTP/1.1" 200 31898
::1 - - [27/May/2022:02:47:47 +0000] "GET /user-games/biodata/20 HTTP/1.1" 302 14511
::1 - - [27/May/2022:02:47:50 +0000] "GET /user-games/biodata/2 HTTP/1.1" 400 14510
::1 - - [27/May/2022:02:47:53 +0000] "GET /user-games/biodata/3 HTTP/1.1" 400 14510
::1 - - [27/May/2022:02:47:55 +0000] "GET /user-games/biodata/5 HTTP/1.1" 400 14510
::1 - - [27/May/2022:02:47:58 +0000] "GET /user-games/biodata/7 HTTP/1.1" 200 17029
::1 - - [27/May/2022:02:51:41 +0000] "GET /user-games HTTP/1.1" 304 -
::1 - - [27/May/2022:02:51:46 +0000] "GET /user-games/history/8 HTTP/1.1" 200 13779
::1 - - [27/May/2022:02:51:51 +0000] "GET /user-games/history/3 HTTP/1.1" 200 13779
::1 - - [27/May/2022:02:51:55 +0000] "GET /logout HTTP/1.1" 302 56
::1 - - [27/May/2022:02:51:55 +0000] "GET /login HTTP/1.1" 304 -
::1 - - [27/May/2022:02:52:00 +0000] "POST /logins HTTP/1.1" 302 62
::1 - - [27/May/2022:02:52:00 +0000] "GET /dashboard HTTP/1.1" 200 8303
::1 - - [27/May/2022:02:52:02 +0000] "GET /user-games HTTP/1.1" 200 10190
::1 - - [27/May/2022:02:52:04 +0000] "GET /user-games/history/7 HTTP/1.1" 200 15583
::1 - - [27/May/2022:02:52:07 +0000] "GET /user-games/history/24 HTTP/1.1" 200 13797
::1 - - [27/May/2022:02:52:10 +0000] "GET /user-games/history/2 HTTP/1.1" 200 13794
::1 - - [27/May/2022:02:52:15 +0000] "GET /user-games/history/20 HTTP/1.1" 200 13797
::1 - - [27/May/2022:02:55:35 +0000] "GET /user-games/history/20 HTTP/1.1" 302 56
::1 - - [27/May/2022:02:55:35 +0000] "GET /login HTTP/1.1" 304 -
::1 - - [27/May/2022:03:05:43 +0000] "POST /logins HTTP/1.1" 302 62
::1 - - [27/May/2022:03:05:44 +0000] "GET /dashboard HTTP/1.1" 304 -
::1 - - [27/May/2022:03:05:47 +0000] "GET /user-games HTTP/1.1" 304 -
::1 - - [27/May/2022:03:05:53 +0000] "GET /user-games/history/7 HTTP/1.1" 304 -
::1 - - [27/May/2022:03:05:57 +0000] "GET /user-games/history/2 HTTP/1.1" 200 15583
::1 - - [27/May/2022:03:06:02 +0000] "GET /user-games/history/5 HTTP/1.1" 200 15583
::1 - - [27/May/2022:03:06:35 +0000] "GET /user-games/history/5 HTTP/1.1" 302 56
::1 - - [27/May/2022:03:06:35 +0000] "GET /login HTTP/1.1" 304 -
::1 - - [27/May/2022:03:06:41 +0000] "POST /logins HTTP/1.1" 302 62
::1 - - [27/May/2022:03:06:41 +0000] "GET /dashboard HTTP/1.1" 304 -
::1 - - [27/May/2022:03:06:43 +0000] "GET /user-games HTTP/1.1" 304 -
::1 - - [27/May/2022:03:06:46 +0000] "GET /user-games/history/7 HTTP/1.1" 304 -
::1 - - [27/May/2022:03:06:49 +0000] "GET /user-games/history/3 HTTP/1.1" 200 15583
::1 - - [27/May/2022:03:06:52 +0000] "GET /user-games/history/7 HTTP/1.1" 304 -
::1 - - [27/May/2022:03:07:00 +0000] "GET /user-games-history/update/1 HTTP/1.1" 200 15098
::1 - - [27/May/2022:03:07:04 +0000] "GET /user-games-history/update/2 HTTP/1.1" 400 12268
::1 - - [27/May/2022:03:07:07 +0000] "GET /user-games-history/update/1 HTTP/1.1" 304 -
::1 - - [27/May/2022:03:09:20 +0000] "GET /user-games-history/update/1 HTTP/1.1" 302 56
::1 - - [27/May/2022:03:09:20 +0000] "GET /login HTTP/1.1" 304 -
::1 - - [27/May/2022:03:24:03 +0000] "POST /logins HTTP/1.1" 302 62
::1 - - [27/May/2022:03:24:03 +0000] "GET /dashboard HTTP/1.1" 304 -
::1 - - [27/May/2022:03:24:05 +0000] "GET /user-games HTTP/1.1" 304 -
::1 - - [27/May/2022:03:24:08 +0000] "GET /user-games/history/7 HTTP/1.1" 304 -
::1 - - [27/May/2022:03:24:12 +0000] "GET /user-games/history/3 HTTP/1.1" 304 -
::1 - - [27/May/2022:03:24:15 +0000] "GET /user-games/history/6 HTTP/1.1" 200 15583
::1 - - [27/May/2022:03:24:23 +0000] "GET /user-games HTTP/1.1" 304 -
::1 - - [27/May/2022:03:24:28 +0000] "GET /user-games/history/7 HTTP/1.1" 304 -
::1 - - [27/May/2022:03:24:30 +0000] "GET /user-games-history/update/1 HTTP/1.1" 400 12268
::1 - - [27/May/2022:03:24:33 +0000] "GET /user-games-history/update/5 HTTP/1.1" 400 12268
::1 - - [27/May/2022:03:24:37 +0000] "GET /user-games-history/update/8 HTTP/1.1" 400 12268
::1 - - [27/May/2022:03:36:21 +0000] "GET /user-games-history/update/6 HTTP/1.1" 400 12268
::1 - - [27/May/2022:03:36:31 +0000] "GET /user-games HTTP/1.1" 304 -
::1 - - [27/May/2022:03:36:34 +0000] "GET /user-games/update/7 HTTP/1.1" 200 13667
::1 - - [27/May/2022:03:36:39 +0000] "GET /user-games/history/7 HTTP/1.1" 304 -
::1 - - [27/May/2022:03:36:41 +0000] "GET /user-games-history/update/1 HTTP/1.1" 400 12268
::1 - - [27/May/2022:03:39:13 +0000] "GET /user-games-history/update/1 HTTP/1.1" 302 56
::1 - - [27/May/2022:03:39:13 +0000] "GET /login HTTP/1.1" 304 -
::1 - - [27/May/2022:03:39:20 +0000] "POST /logins HTTP/1.1" 302 62
::1 - - [27/May/2022:03:39:20 +0000] "GET /dashboard HTTP/1.1" 200 8278
::1 - - [27/May/2022:03:39:27 +0000] "POST /logins HTTP/1.1" 302 64
::1 - - [27/May/2022:03:39:27 +0000] "GET /dashboard HTTP/1.1" 304 -
::1 - - [27/May/2022:03:40:16 +0000] "GET /logout HTTP/1.1" 302 56
::1 - - [27/May/2022:03:40:16 +0000] "GET /login HTTP/1.1" 304 -
::1 - - [27/May/2022:03:40:22 +0000] "POST /logins HTTP/1.1" 302 62
::1 - - [27/May/2022:03:40:22 +0000] "GET /dashboard HTTP/1.1" 200 8303
::1 - - [27/May/2022:03:40:23 +0000] "GET /user-games HTTP/1.1" 304 -
::1 - - [27/May/2022:03:40:27 +0000] "GET /user-games/update/7 HTTP/1.1" 304 -
::1 - - [27/May/2022:03:40:31 +0000] "GET /user-games/history/7 HTTP/1.1" 304 -
::1 - - [27/May/2022:03:40:34 +0000] "GET /user-games-history/update/1 HTTP/1.1" 200 15098
::1 - - [27/May/2022:03:40:47 +0000] "GET /user-games-history/update/5 HTTP/1.1" 200 15098
::1 - - [27/May/2022:03:40:51 +0000] "GET /user-games-history/update/8 HTTP/1.1" 200 15098
::1 - - [27/May/2022:03:41:01 +0000] "GET /user-games/history/7 HTTP/1.1" 304 -
::1 - - [27/May/2022:03:41:03 +0000] "GET /user-games/history/delete/1 HTTP/1.1" 302 86
::1 - - [27/May/2022:03:41:03 +0000] "GET /user-games/history/7 HTTP/1.1" 304 -
::1 - - [27/May/2022:03:41:07 +0000] "GET /user-games/history/delete/1 HTTP/1.1" 404 463
::1 - - [27/May/2022:03:41:11 +0000] "GET /user-games/history/7 HTTP/1.1" 200 13794
::1 - - [27/May/2022:03:41:13 +0000] "GET /user-games HTTP/1.1" 304 -
::1 - - [27/May/2022:03:41:18 +0000] "GET /user-games/update/7 HTTP/1.1" 304 -
::1 - - [27/May/2022:03:41:22 +0000] "GET /user-games/update/5 HTTP/1.1" 200 13658
::1 - - [27/May/2022:03:44:41 +0000] "GET /user-games/update/5 HTTP/1.1" 302 56
::1 - - [27/May/2022:03:44:41 +0000] "GET /login HTTP/1.1" 304 -
::1 - - [27/May/2022:03:44:47 +0000] "POST /logins HTTP/1.1" 302 62
::1 - - [27/May/2022:03:44:47 +0000] "GET /dashboard HTTP/1.1" 304 -
::1 - - [27/May/2022:03:44:51 +0000] "GET /user-games HTTP/1.1" 304 -
::1 - - [27/May/2022:03:44:58 +0000] "GET /user-games/update/7 HTTP/1.1" 304 -
::1 - - [27/May/2022:03:45:03 +0000] "GET /user-games/update/3 HTTP/1.1" 200 13667
::1 - - [27/May/2022:03:45:07 +0000] "GET /user-games/update/2 HTTP/1.1" 200 13667
::1 - - [27/May/2022:03:45:42 +0000] "POST /user-games/update/7 HTTP/1.1" 302 66
::1 - - [27/May/2022:03:45:42 +0000] "GET /user-games HTTP/1.1" 304 -
::1 - - [27/May/2022:03:45:53 +0000] "GET /user-games HTTP/1.1" 200 10212
::1 - - [27/May/2022:03:45:58 +0000] "GET /user-games/update/7 HTTP/1.1" 200 13689
::1 - - [27/May/2022:03:46:14 +0000] "GET /profile/account HTTP/1.1" 200 13366
::1 - - [27/May/2022:03:46:15 +0000] "GET /static/images/portfolio13.jpg HTTP/1.1" 404 3373
::1 - - [27/May/2022:03:46:22 +0000] "GET /profile/account HTTP/1.1" 304 -
::1 - - [27/May/2022:03:46:22 +0000] "GET /static/images/portfolio13.jpg HTTP/1.1" 404 3373
::1 - - [27/May/2022:03:46:22 +0000] "GET /static/images/portfolio13.jpg HTTP/1.1" 404 3373
::1 - - [27/May/2022:03:46:25 +0000] "GET /profile HTTP/1.1" 200 17070
::1 - - [27/May/2022:03:46:25 +0000] "GET /static/images/portfolio13.jpg HTTP/1.1" 404 3373
::1 - - [27/May/2022:03:46:25 +0000] "GET /static/images/portfolio13.jpg HTTP/1.1" 404 3373
::1 - - [27/May/2022:03:47:38 +0000] "GET /profile HTTP/1.1" 200 17079
::1 - - [27/May/2022:03:47:39 +0000] "GET /undefined HTTP/1.1" 404 3373
::1 - - [27/May/2022:03:47:47 +0000] "GET /profile HTTP/1.1" 304 -
::1 - - [27/May/2022:03:47:48 +0000] "GET /undefined HTTP/1.1" 404 3373
::1 - - [27/May/2022:03:48:53 +0000] "GET /profile HTTP/1.1" 200 16916
::1 - - [27/May/2022:03:48:54 +0000] "GET /undefined HTTP/1.1" 404 3373
::1 - - [27/May/2022:03:48:58 +0000] "GET /profile/account HTTP/1.1" 200 13212
::1 - - [27/May/2022:03:48:59 +0000] "GET /profile/undefined HTTP/1.1" 404 3373
::1 - - [27/May/2022:03:49:08 +0000] "GET /user-games HTTP/1.1" 304 -
::1 - - [27/May/2022:03:49:14 +0000] "GET /user-games/biodata/7 HTTP/1.1" 302 17055
::1 - - [27/May/2022:03:49:20 +0000] "GET /user-games/biodata/7 HTTP/1.1" 200 17055
::1 - - [27/May/2022:03:49:22 +0000] "GET /user-games/biodata/3 HTTP/1.1" 400 17055
::1 - - [27/May/2022:03:49:31 +0000] "GET /profile HTTP/1.1" 304 -
::1 - - [27/May/2022:03:49:31 +0000] "GET /undefined HTTP/1.1" 404 3373
::1 - - [27/May/2022:03:49:46 +0000] "GET /profile/account HTTP/1.1" 304 -
::1 - - [27/May/2022:03:49:47 +0000] "GET /profile/undefined HTTP/1.1" 404 3373
::1 - - [27/May/2022:03:50:17 +0000] "POST /profile/account HTTP/1.1" 302 76
::1 - - [27/May/2022:03:50:17 +0000] "GET /profile/account HTTP/1.1" 200 13212
::1 - - [27/May/2022:03:50:18 +0000] "GET /profile/undefined HTTP/1.1" 404 3373
::1 - - [27/May/2022:03:50:27 +0000] "GET /profile/account HTTP/1.1" 304 -
::1 - - [27/May/2022:03:50:27 +0000] "GET /profile/undefined HTTP/1.1" 404 3373
::1 - - [27/May/2022:03:50:29 +0000] "GET /logout HTTP/1.1" 302 56
::1 - - [27/May/2022:03:50:29 +0000] "GET /login HTTP/1.1" 304 -
::1 - - [27/May/2022:03:50:37 +0000] "POST /logins HTTP/1.1" 302 62
::1 - - [27/May/2022:03:50:37 +0000] "GET /dashboard HTTP/1.1" 200 8314
::1 - - [27/May/2022:03:50:43 +0000] "GET /profile/account HTTP/1.1" 304 -
::1 - - [27/May/2022:03:50:44 +0000] "GET /profile/undefined HTTP/1.1" 404 3373
::1 - - [27/May/2022:03:51:03 +0000] "POST /profile/account HTTP/1.1" 302 76
::1 - - [27/May/2022:03:51:03 +0000] "GET /profile/account HTTP/1.1" 200 13233
::1 - - [27/May/2022:03:51:04 +0000] "GET /profile/undefined HTTP/1.1" 404 3373
::1 - - [27/May/2022:03:51:34 +0000] "GET /user-games HTTP/1.1" 200 10226
::1 - - [27/May/2022:03:51:39 +0000] "GET /logout HTTP/1.1" 302 56
::1 - - [27/May/2022:03:51:39 +0000] "GET /login HTTP/1.1" 304 -
::1 - - [27/May/2022:04:20:41 +0000] "POST /api/v1/register HTTP/1.1" 400 49
::1 - - [27/May/2022:04:21:42 +0000] "GET /doc HTTP/1.1" 404 3373
::1 - - [27/May/2022:04:22:13 +0000] "GET / HTTP/1.1" 304 -
::1 - - [27/May/2022:04:22:18 +0000] "GET /register HTTP/1.1" 304 -
::1 - - [27/May/2022:04:22:24 +0000] "POST /registers HTTP/1.1" 400 3355
::1 - - [27/May/2022:04:22:25 +0000] "GET /dashboard HTTP/1.1" 302 56
::1 - - [27/May/2022:04:22:25 +0000] "GET /login HTTP/1.1" 304 -
::1 - - [27/May/2022:04:22:27 +0000] "GET /register HTTP/1.1" 304 -
::1 - - [27/May/2022:04:22:37 +0000] "POST /registers HTTP/1.1" 302 54
::1 - - [27/May/2022:04:22:37 +0000] "GET /login HTTP/1.1" 304 -
::1 - - [27/May/2022:04:23:08 +0000] "POST /api/v1/login HTTP/1.1" 200 336
::1 - - [27/May/2022:04:23:28 +0000] "GET /api/v1/user-games HTTP/1.1" 200 8053
::1 - - [27/May/2022:04:24:07 +0000] "POST /api/v1/register HTTP/1.1" 201 346
::1 - - [27/May/2022:04:24:17 +0000] "POST /api/v1/login HTTP/1.1" 200 330
::1 - - [27/May/2022:04:24:19 +0000] "POST /api/v1/login HTTP/1.1" 200 330
::1 - - [27/May/2022:04:24:33 +0000] "GET /api/v1/user-games-biodata HTTP/1.1" 200 1791
::1 - - [27/May/2022:04:24:55 +0000] "GET /api/v1/user-games HTTP/1.1" 401 66
::1 - - [27/May/2022:04:24:59 +0000] "GET /api/v1/user-games-biodata HTTP/1.1" 401 67
::1 - - [27/May/2022:04:25:07 +0000] "POST /api/v1/user-games-biodata HTTP/1.1" 401 67
::1 - - [27/May/2022:04:25:21 +0000] "POST /api/v1/user-games-biodata HTTP/1.1" 201 275
::1 - - [27/May/2022:04:25:52 +0000] "GET /user-games HTTP/1.1" 302 56
::1 - - [27/May/2022:04:25:52 +0000] "GET /login HTTP/1.1" 304 -
::1 - - [27/May/2022:04:25:59 +0000] "POST /logins HTTP/1.1" 302 62
::1 - - [27/May/2022:04:25:59 +0000] "GET /dashboard HTTP/1.1" 200 8278
::ffff:127.0.0.1 - - [27/May/2022:05:53:18 +0000] "GET / HTTP/1.1" 304 -
::1 - - [27/May/2022:05:53:31 +0000] "GET /register HTTP/1.1" 304 -
::1 - - [27/May/2022:05:53:41 +0000] "POST /registers HTTP/1.1" 302 54
::1 - - [27/May/2022:05:53:41 +0000] "GET /login HTTP/1.1" 304 -
::1 - - [27/May/2022:05:53:46 +0000] "POST /logins HTTP/1.1" 302 62
::1 - - [27/May/2022:05:53:46 +0000] "GET /dashboard HTTP/1.1" 304 -
::1 - - [27/May/2022:05:53:49 +0000] "GET /user-games HTTP/1.1" 200 36847
::1 - - [27/May/2022:07:25:56 +0000] "GET / HTTP/1.1" 200 5225
::1 - - [27/May/2022:07:27:37 +0000] "GET / HTTP/1.1" 200 5234
::1 - - [27/May/2022:07:30:11 +0000] "GET / HTTP/1.1" 200 5544
::1 - - [27/May/2022:07:30:43 +0000] "GET / HTTP/1.1" 200 5544
::1 - - [27/May/2022:07:33:08 +0000] "GET / HTTP/1.1" 304 -
::1 - - [27/May/2022:07:37:44 +0000] "GET / HTTP/1.1" 200 5535
::1 - - [27/May/2022:07:37:49 +0000] "GET / HTTP/1.1" 304 -
::1 - - [27/May/2022:07:38:59 +0000] "GET / HTTP/1.1" 200 5573
::1 - - [27/May/2022:07:39:46 +0000] "GET / HTTP/1.1" 200 5922
::1 - - [27/May/2022:07:39:50 +0000] "GET / HTTP/1.1" 200 5922
::1 - - [27/May/2022:07:41:33 +0000] "GET / HTTP/1.1" 200 5535
::1 - - [27/May/2022:07:46:46 +0000] "GET / HTTP/1.1" 304 -
::1 - - [27/May/2022:08:20:29 +0000] "GET / HTTP/1.1" 200 5266
::1 - - [27/May/2022:08:20:32 +0000] "GET / HTTP/1.1" 304 -
::1 - - [27/May/2022:08:21:12 +0000] "GET / HTTP/1.1" 200 5311
::1 - - [27/May/2022:08:21:14 +0000] "POST /logins HTTP/1.1" 302 54
::1 - - [27/May/2022:08:21:14 +0000] "GET /login HTTP/1.1" 200 5410
::1 - - [27/May/2022:08:23:14 +0000] "GET /login HTTP/1.1" 200 5311
::1 - - [27/May/2022:08:23:15 +0000] "POST /logins HTTP/1.1" 302 54
::1 - - [27/May/2022:08:23:15 +0000] "GET /login HTTP/1.1" 200 5410
::1 - - [27/May/2022:08:25:53 +0000] "POST /logins HTTP/1.1" 302 62
::1 - - [27/May/2022:08:25:54 +0000] "GET /dashboard HTTP/1.1" 200 8289
::1 - - [27/May/2022:08:26:00 +0000] "GET /logout HTTP/1.1" 302 56
::1 - - [27/May/2022:08:26:00 +0000] "GET /login HTTP/1.1" 200 5311
::1 - - [27/May/2022:08:26:04 +0000] "POST /logins HTTP/1.1" 302 54
::1 - - [27/May/2022:08:26:04 +0000] "GET /login HTTP/1.1" 200 5410
::1 - - [27/May/2022:08:28:39 +0000] "POST /logins HTTP/1.1" 302 54
::1 - - [27/May/2022:08:28:39 +0000] "GET /login HTTP/1.1" 304 -
::1 - - [27/May/2022:08:29:17 +0000] "POST /logins HTTP/1.1" 302 54
::1 - - [27/May/2022:08:29:17 +0000] "GET /login HTTP/1.1" 304 -
::1 - - [27/May/2022:08:30:44 +0000] "GET /login HTTP/1.1" 200 5320
::1 - - [27/May/2022:08:30:46 +0000] "POST /logins HTTP/1.1" 302 54
::1 - - [27/May/2022:08:30:46 +0000] "GET /login HTTP/1.1" 200 5419
::1 - - [27/May/2022:08:32:21 +0000] "GET /login HTTP/1.1" 200 5320
::1 - - [27/May/2022:08:32:24 +0000] "POST /logins HTTP/1.1" 500 1816
::1 - - [27/May/2022:08:32:39 +0000] "GET /login HTTP/1.1" 304 -
::1 - - [27/May/2022:08:32:41 +0000] "POST /logins HTTP/1.1" 302 54
::1 - - [27/May/2022:08:32:41 +0000] "GET /login HTTP/1.1" 200 5419
::1 - - [27/May/2022:08:32:45 +0000] "POST /logins HTTP/1.1" 302 54
::1 - - [27/May/2022:08:32:45 +0000] "GET /login HTTP/1.1" 304 -
::1 - - [27/May/2022:08:32:55 +0000] "POST /logins HTTP/1.1" 302 62
::1 - - [27/May/2022:08:32:55 +0000] "GET /dashboard HTTP/1.1" 304 -
::1 - - [27/May/2022:08:35:17 +0000] "GET /login HTTP/1.1" 200 5349
::1 - - [27/May/2022:08:35:26 +0000] "GET / HTTP/1.1" 200 5349
::1 - - [27/May/2022:08:36:30 +0000] "GET /login HTTP/1.1" 200 5340
::1 - - [27/May/2022:08:36:36 +0000] "GET / HTTP/1.1" 200 5340
::1 - - [27/May/2022:08:36:42 +0000] "GET /google/callback HTTP/1.1" 302 0
::1 - - [27/May/2022:08:37:56 +0000] "GET / HTTP/1.1" 304 -
::1 - - [27/May/2022:08:38:00 +0000] "GET /google/callback HTTP/1.1" 302 0
::1 - - [27/May/2022:08:38:48 +0000] "GET /login HTTP/1.1" 200 5293
::1 - - [27/May/2022:08:39:05 +0000] "GET / HTTP/1.1" 200 5293
::1 - - [27/May/2022:08:39:07 +0000] "POST /logins HTTP/1.1" 302 54
::1 - - [27/May/2022:08:39:07 +0000] "GET /login HTTP/1.1" 200 5392
::1 - - [27/May/2022:08:39:47 +0000] "GET /login HTTP/1.1" 304 -
::1 - - [27/May/2022:08:39:49 +0000] "POST /logins HTTP/1.1" 302 54
::1 - - [27/May/2022:08:39:49 +0000] "GET /login HTTP/1.1" 200 5392
::1 - - [27/May/2022:08:52:37 +0000] "GET /google HTTP/1.1" 302 0
::1 - - [27/May/2022:08:52:51 +0000] "GET /google HTTP/1.1" 302 0
::1 - - [27/May/2022:08:52:56 +0000] "GET /google/callback?code=4%2F0AX4XfWjw3ELTvia3rvVVeqrfyyI3iVVbJ_K5Nk2x6F2zY0eJGw4GR1oXx64SJ6O4F02AmQ&scope=email+profile+https%3A%2F%2Fwww.googleapis.com%2Fauth%2Fuserinfo.email+https%3A%2F%2Fwww.googleapis.com%2Fauth%2Fuserinfo.profile+openid&authuser=1&prompt=consent HTTP/1.1" 302 64
::1 - - [27/May/2022:08:55:09 +0000] "GET /dashboard HTTP/1.1" 302 56
::1 - - [27/May/2022:08:55:09 +0000] "GET /login HTTP/1.1" 200 5284
::1 - - [27/May/2022:08:55:38 +0000] "GET /google HTTP/1.1" 302 0
::1 - - [27/May/2022:08:55:44 +0000] "GET /google/callback?code=4%2F0AX4XfWgI13RDR76TSt9HvLTQlNIYWQZYkrzjXb824axxhIuNuV4lBBzWpbgFWXScwdT0cA&scope=email+profile+https%3A%2F%2Fwww.googleapis.com%2Fauth%2Fuserinfo.email+https%3A%2F%2Fwww.googleapis.com%2Fauth%2Fuserinfo.profile+openid&authuser=1&prompt=consent HTTP/1.1" 302 64
::1 - - [27/May/2022:08:57:49 +0000] "GET / HTTP/1.1" 200 5284
::1 - - [27/May/2022:08:57:52 +0000] "POST /logins HTTP/1.1" 302 54
::1 - - [27/May/2022:08:57:52 +0000] "GET /login HTTP/1.1" 200 5383
::1 - - [27/May/2022:08:58:15 +0000] "GET /login HTTP/1.1" 200 5270
::1 - - [27/May/2022:08:58:16 +0000] "POST /logins HTTP/1.1" 302 54
::1 - - [27/May/2022:08:58:16 +0000] "GET /login HTTP/1.1" 200 5369
::1 - - [27/May/2022:08:58:19 +0000] "GET /login HTTP/1.1" 200 5270
::1 - - [27/May/2022:08:58:22 +0000] "POST /logins HTTP/1.1" 302 54
::1 - - [27/May/2022:08:58:22 +0000] "GET /login HTTP/1.1" 200 5369
::1 - - [27/May/2022:08:58:46 +0000] "GET /login HTTP/1.1" 200 5295
::1 - - [27/May/2022:08:58:58 +0000] "GET /login HTTP/1.1" 200 5268
::1 - - [27/May/2022:08:59:01 +0000] "POST /logins HTTP/1.1" 302 54
::1 - - [27/May/2022:08:59:01 +0000] "GET /login HTTP/1.1" 200 5367
::1 - - [27/May/2022:08:59:23 +0000] "GET /login HTTP/1.1" 200 5279
::1 - - [27/May/2022:08:59:25 +0000] "POST /logins HTTP/1.1" 302 54
::1 - - [27/May/2022:08:59:25 +0000] "GET /login HTTP/1.1" 200 5378
::1 - - [27/May/2022:08:59:56 +0000] "GET /login HTTP/1.1" 200 5239
::1 - - [27/May/2022:08:59:58 +0000] "GET /login HTTP/1.1" 304 -
::1 - - [27/May/2022:09:00:01 +0000] "GET /login HTTP/1.1" 304 -
::1 - - [27/May/2022:09:00:02 +0000] "GET /login HTTP/1.1" 304 -
::1 - - [27/May/2022:09:00:38 +0000] "GET /login HTTP/1.1" 200 5219
::1 - - [27/May/2022:09:00:41 +0000] "GET /google HTTP/1.1" 302 0
::1 - - [27/May/2022:09:00:44 +0000] "GET /google HTTP/1.1" 302 0
::1 - - [27/May/2022:09:00:45 +0000] "GET /google HTTP/1.1" 302 0
::1 - - [27/May/2022:09:01:20 +0000] "GET /google/callback?code=4%2F0AX4XfWg4vbL-VrLFhuL5oNiD_4ZWXkfKo2uLg0scb_SldDMQTc7NLWiZEvmvQVCR_9sV9Q&scope=email+profile+https%3A%2F%2Fwww.googleapis.com%2Fauth%2Fuserinfo.email+https%3A%2F%2Fwww.googleapis.com%2Fauth%2Fuserinfo.profile+openid&authuser=1&prompt=consent HTTP/1.1" 302 64
::1 - - [27/May/2022:09:03:23 +0000] "GET /dashboard HTTP/1.1" 302 56
::1 - - [27/May/2022:09:03:23 +0000] "GET /login HTTP/1.1" 200 5244
::1 - - [27/May/2022:09:05:36 +0000] "GET /login HTTP/1.1" 200 5253
::1 - - [27/May/2022:09:08:00 +0000] "GET /login HTTP/1.1" 200 5261
::1 - - [27/May/2022:09:08:02 +0000] "GET /google HTTP/1.1" 302 0
::1 - - [27/May/2022:09:08:09 +0000] "GET /google/callback?code=4%2F0AX4XfWgYAwWAabJORkc2txYWCeQ6CBrwiwd3G1rwJwwr2awgZt_hFo3Ksq4_VXCoKfxsPg&scope=email+profile+https%3A%2F%2Fwww.googleapis.com%2Fauth%2Fuserinfo.email+https%3A%2F%2Fwww.googleapis.com%2Fauth%2Fuserinfo.profile+openid&authuser=1&prompt=consent HTTP/1.1" 302 64
::1 - - [27/May/2022:09:11:52 +0000] "GET / HTTP/1.1" 200 5261
::1 - - [27/May/2022:09:11:59 +0000] "GET /google HTTP/1.1" 302 0
::1 - - [27/May/2022:09:12:49 +0000] "GET / HTTP/1.1" 304 -
::1 - - [27/May/2022:09:12:51 +0000] "GET /google HTTP/1.1" 302 0
::1 - - [27/May/2022:09:13:49 +0000] "GET /google/callback?code=4%2F0AX4XfWhsqkFrIo6CZ45nzFMl6jTwVlWbawRpV64G-Q9ndWw-pMzomQo0T2E0hleCdC-LMQ&scope=email+profile+https%3A%2F%2Fwww.googleapis.com%2Fauth%2Fuserinfo.email+https%3A%2F%2Fwww.googleapis.com%2Fauth%2Fuserinfo.profile+openid&authuser=1&prompt=consent HTTP/1.1" 500 1374
::1 - - [27/May/2022:09:14:48 +0000] "GET / HTTP/1.1" 304 -
::1 - - [27/May/2022:09:14:49 +0000] "GET /google HTTP/1.1" 302 0
::1 - - [27/May/2022:09:15:45 +0000] "GET /google/callback?code=4%2F0AX4XfWjVgTwWI1iC88nBnzomDe16xRlMXy2HuICxjLbs83RHDkyfj-U37wK5mqz_WwJqmw&scope=email+profile+https%3A%2F%2Fwww.googleapis.com%2Fauth%2Fuserinfo.email+https%3A%2F%2Fwww.googleapis.com%2Fauth%2Fuserinfo.profile+openid&authuser=1&prompt=consent HTTP/1.1" - -
::1 - - [27/May/2022:09:16:10 +0000] "GET / HTTP/1.1" 200 5261
::1 - - [27/May/2022:09:16:13 +0000] "GET /google HTTP/1.1" 302 0
::1 - - [27/May/2022:09:16:42 +0000] "GET / HTTP/1.1" 304 -
::1 - - [27/May/2022:09:17:00 +0000] "GET / HTTP/1.1" 304 -
::1 - - [27/May/2022:09:17:05 +0000] "GET /google HTTP/1.1" 302 0
::1 - - [27/May/2022:09:19:02 +0000] "GET / HTTP/1.1" 304 -
::1 - - [27/May/2022:09:20:20 +0000] "GET / HTTP/1.1" 304 -
::1 - - [27/May/2022:09:20:22 +0000] "GET /google HTTP/1.1" 302 0
::1 - - [27/May/2022:09:20:36 +0000] "GET /google/callback?code=4%2F0AX4XfWg-JsfZ_JESxf3cl6ESKj6mai3i7M3fFlXA-bMYfT1_19DKgsDdAWktQ4CmLJD-pA&scope=email+profile+https%3A%2F%2Fwww.googleapis.com%2Fauth%2Fuserinfo.email+https%3A%2F%2Fwww.googleapis.com%2Fauth%2Fuserinfo.profile+openid&authuser=1&prompt=consent HTTP/1.1" 500 1169
::1 - - [27/May/2022:09:20:57 +0000] "GET / HTTP/1.1" 304 -
::1 - - [27/May/2022:09:20:59 +0000] "GET /google HTTP/1.1" 302 0
::1 - - [27/May/2022:09:21:05 +0000] "GET /google/callback?code=4%2F0AX4XfWjfJ7lKLYfsUyD33SSekn0YkAGT7d-ntuD47q5ryY7PGF6axyFSJmDZA_O3hQt2IA&scope=email+profile+https%3A%2F%2Fwww.googleapis.com%2Fauth%2Fuserinfo.email+https%3A%2F%2Fwww.googleapis.com%2Fauth%2Fuserinfo.profile+openid&authuser=1&prompt=consent HTTP/1.1" 302 64
::1 - - [27/May/2022:09:21:43 +0000] "GET / HTTP/1.1" 304 -
::1 - - [27/May/2022:09:21:46 +0000] "GET / HTTP/1.1" 304 -
::1 - - [27/May/2022:09:21:50 +0000] "GET /google HTTP/1.1" 302 0
::1 - - [27/May/2022:09:22:03 +0000] "GET /google/callback?code=4%2F0AX4XfWg-61rMEVMk0V09-WVSNTSFfp2qD4wKMBqrz_6JaRfNP04a964AIS9dgpPwXmeyGQ&scope=email+profile+https%3A%2F%2Fwww.googleapis.com%2Fauth%2Fuserinfo.email+https%3A%2F%2Fwww.googleapis.com%2Fauth%2Fuserinfo.profile+openid&authuser=1&prompt=consent HTTP/1.1" 302 64
::1 - - [27/May/2022:09:23:36 +0000] "GET / HTTP/1.1" 304 -
::1 - - [27/May/2022:09:23:41 +0000] "GET /google HTTP/1.1" 302 0
::1 - - [27/May/2022:09:23:58 +0000] "GET /google/callback?code=4%2F0AX4XfWg7NThzHfqtiWIPzWMk_-dnpFH5LeewZ6uCvnNgQXliegg7uOLOS7FuzYysuNcCZg&scope=email+profile+https%3A%2F%2Fwww.googleapis.com%2Fauth%2Fuserinfo.email+https%3A%2F%2Fwww.googleapis.com%2Fauth%2Fuserinfo.profile+openid&authuser=1&prompt=consent HTTP/1.1" 302 64
::1 - - [27/May/2022:09:25:08 +0000] "GET /dashboard HTTP/1.1" 302 56
::1 - - [27/May/2022:09:25:08 +0000] "GET /login HTTP/1.1" 304 -
::1 - - [27/May/2022:09:25:10 +0000] "GET /google HTTP/1.1" 302 0
::1 - - [27/May/2022:09:25:18 +0000] "GET /google/callback?code=4%2F0AX4XfWiV3Hej6ovGaXtxgrckoWU1ClI-V6OvpvErA9WnIKP0OhkYNfeBoIGIF_C7AeSfBA&scope=email+profile+https%3A%2F%2Fwww.googleapis.com%2Fauth%2Fuserinfo.email+https%3A%2F%2Fwww.googleapis.com%2Fauth%2Fuserinfo.profile+openid&authuser=1&prompt=consent HTTP/1.1" 500 1166
::1 - - [27/May/2022:09:25:44 +0000] "GET / HTTP/1.1" 304 -
::1 - - [27/May/2022:09:25:45 +0000] "GET /google HTTP/1.1" 302 0
::1 - - [27/May/2022:09:25:51 +0000] "GET /google/callback?code=4%2F0AX4XfWiHSCEDWlB0X9jz_AUAQ4xhYPXTiGb_vNUnuSipXxfgnKTY0vulLfXkqqk9-lNHYA&scope=email+profile+https%3A%2F%2Fwww.googleapis.com%2Fauth%2Fuserinfo.email+https%3A%2F%2Fwww.googleapis.com%2Fauth%2Fuserinfo.profile+openid&authuser=1&prompt=consent HTTP/1.1" 500 1210
::1 - - [27/May/2022:09:26:07 +0000] "GET / HTTP/1.1" 304 -
::1 - - [27/May/2022:09:26:10 +0000] "GET /google HTTP/1.1" 302 0
::1 - - [27/May/2022:09:26:16 +0000] "GET /google/callback?code=4%2F0AX4XfWhqZVuw7BsAwozKVu0VQwat2h1R8obR0tKfcQAQyToT0ioU62n7fv29HR06AkxpvQ&scope=email+profile+https%3A%2F%2Fwww.googleapis.com%2Fauth%2Fuserinfo.email+https%3A%2F%2Fwww.googleapis.com%2Fauth%2Fuserinfo.profile+openid&authuser=1&prompt=consent HTTP/1.1" 302 64
::1 - - [27/May/2022:09:28:09 +0000] "GET /dashboard HTTP/1.1" 302 56
::1 - - [27/May/2022:09:28:09 +0000] "GET /login HTTP/1.1" 304 -
::1 - - [27/May/2022:09:30:47 +0000] "GET /google HTTP/1.1" 302 0
::ffff:127.0.0.1 - - [27/May/2022:09:31:17 +0000] "GET /google/callback?code=4%2F0AX4XfWiQuFwViqWhXWANoPmjCr1hZx2pzwsNwipJVeTvC6P24-_fSe6qAgILPMdPuyIlKQ&scope=email+profile+https%3A%2F%2Fwww.googleapis.com%2Fauth%2Fuserinfo.email+https%3A%2F%2Fwww.googleapis.com%2Fauth%2Fuserinfo.profile+openid&authuser=1&prompt=consent HTTP/1.1" 500 1374
::1 - - [27/May/2022:09:31:28 +0000] "GET / HTTP/1.1" 304 -
::1 - - [27/May/2022:09:31:48 +0000] "GET /google HTTP/1.1" 302 0
::1 - - [27/May/2022:09:33:57 +0000] "GET / HTTP/1.1" 304 -
::1 - - [27/May/2022:09:33:59 +0000] "GET /google HTTP/1.1" 302 0
::ffff:127.0.0.1 - - [27/May/2022:09:35:15 +0000] "GET /google/callback?code=4%2F0AX4XfWgfikyTxTXQkigQSjuer2L69YGj02b2TmWVAifXn8MTOCDJyTtM_Ksnwp12hsj18g&scope=email+profile+https%3A%2F%2Fwww.googleapis.com%2Fauth%2Fuserinfo.email+https%3A%2F%2Fwww.googleapis.com%2Fauth%2Fuserinfo.profile+openid&authuser=1&prompt=consent HTTP/1.1" 500 1374
::ffff:127.0.0.1 - - [27/May/2022:09:35:50 +0000] "GET / HTTP/1.1" 304 -
::1 - - [27/May/2022:09:36:12 +0000] "GET /google HTTP/1.1" 302 0
::1 - - [27/May/2022:09:36:29 +0000] "GET / HTTP/1.1" 304 -
::1 - - [27/May/2022:09:36:35 +0000] "GET /google HTTP/1.1" 302 0
::1 - - [27/May/2022:09:36:43 +0000] "GET /google/callback?code=4%2F0AX4XfWjLSNaSJYbgnMkqe64pt5cu4NPvewwykdRpilsOzFxzyUYQA1oPeORCXfMWCAcJlw&scope=email+profile+https%3A%2F%2Fwww.googleapis.com%2Fauth%2Fuserinfo.email+https%3A%2F%2Fwww.googleapis.com%2Fauth%2Fuserinfo.profile+openid&authuser=1&prompt=consent HTTP/1.1" 302 64
::1 - - [27/May/2022:09:45:27 +0000] "GET /protected HTTP/1.1" 401 12
::1 - - [27/May/2022:09:45:28 +0000] "GET /favicon.ico HTTP/1.1" 404 3375
::1 - - [27/May/2022:09:45:32 +0000] "GET / HTTP/1.1" 304 -
::1 - - [27/May/2022:09:45:58 +0000] "POST /logins HTTP/1.1" 302 62
::1 - - [27/May/2022:09:45:58 +0000] "GET /dashboard HTTP/1.1" 200 8280
::1 - - [27/May/2022:09:46:00 +0000] "GET /user-games HTTP/1.1" 200 43358
::1 - - [27/May/2022:09:46:00 +0000] "GET /static/file/images/profil-1654613866819.jpg HTTP/1.1" 404 3375
::1 - - [27/May/2022:09:46:03 +0000] "GET /static/file/video/video-1654231658287.mp4 HTTP/1.1" 404 3375
::1 - - [27/May/2022:09:46:17 +0000] "GET /user-games/biodata/26 HTTP/1.1" 302 14513
::1 - - [27/May/2022:09:47:42 +0000] "GET /logout HTTP/1.1" 302 56
::1 - - [27/May/2022:09:47:42 +0000] "GET /login HTTP/1.1" 304 -
::1 - - [27/May/2022:11:21:20 +0000] "GET / HTTP/1.1" 200 5261
::1 - - [27/May/2022:11:21:33 +0000] "GET /google HTTP/1.1" 302 0
::1 - - [27/May/2022:11:21:47 +0000] "GET /google/callback?code=4%2F0AX4XfWj4u4vFrXdXHMn1es8jfy5k07i8569l45ZHaV08-I_5dzKVaXHDtHtRdwhtfaEx3Q&scope=email+profile+https%3A%2F%2Fwww.googleapis.com%2Fauth%2Fuserinfo.email+https%3A%2F%2Fwww.googleapis.com%2Fauth%2Fuserinfo.profile+openid&authuser=3&prompt=consent HTTP/1.1" 302 56
::1 - - [27/May/2022:11:21:47 +0000] "GET /login HTTP/1.1" 200 5261
::1 - - [27/May/2022:11:22:34 +0000] "GET /google HTTP/1.1" 302 0
::1 - - [27/May/2022:11:22:43 +0000] "GET /google/callback?code=4%2F0AX4XfWgCvsNzQQZ0t14hiwGxoLc-iRKWxK_dBiLYMUMxQZby7C3eq13DeUfQsf4CykJboQ&scope=email+profile+https%3A%2F%2Fwww.googleapis.com%2Fauth%2Fuserinfo.email+https%3A%2F%2Fwww.googleapis.com%2Fauth%2Fuserinfo.profile+openid&authuser=3&prompt=consent HTTP/1.1" 302 56
::1 - - [27/May/2022:11:22:43 +0000] "GET /login HTTP/1.1" 304 -
::1 - - [27/May/2022:11:22:53 +0000] "GET /google HTTP/1.1" 302 0
::1 - - [27/May/2022:11:23:24 +0000] "GET /google/callback?code=4%2F0AX4XfWgbyuRtmv5_AViKoWDMoXTRXkcQC3doD9ioG8eWojgSX6Mk5zbDTrod6fKh0eF5nA&scope=email+profile+https%3A%2F%2Fwww.googleapis.com%2Fauth%2Fuserinfo.email+https%3A%2F%2Fwww.googleapis.com%2Fauth%2Fuserinfo.profile+openid&authuser=1&prompt=consent HTTP/1.1" 302 64
::1 - - [27/May/2022:11:23:24 +0000] "GET /protected HTTP/1.1" 200 43
::1 - - [27/May/2022:11:23:25 +0000] "GET /favicon.ico HTTP/1.1" 404 3375
::1 - - [27/May/2022:11:23:39 +0000] "GET /logout HTTP/1.1" 302 56
::1 - - [27/May/2022:11:23:39 +0000] "GET /login HTTP/1.1" 304 -
::1 - - [27/May/2022:11:23:46 +0000] "GET /google HTTP/1.1" 302 0
::1 - - [27/May/2022:11:23:51 +0000] "GET /google/callback?code=4%2F0AX4XfWh9Tycj85hGnuaX1r7k_4YVlOZQAlqELcfBJKAyV59VJDaRKr76x0AOBjq2EWodsA&scope=email+profile+https%3A%2F%2Fwww.googleapis.com%2Fauth%2Fuserinfo.email+https%3A%2F%2Fwww.googleapis.com%2Fauth%2Fuserinfo.profile+openid&authuser=3&prompt=consent HTTP/1.1" 302 56
::1 - - [27/May/2022:11:23:51 +0000] "GET /login HTTP/1.1" 304 -
::1 - - [27/May/2022:11:24:22 +0000] "GET /login HTTP/1.1" 304 -
::1 - - [27/May/2022:11:24:24 +0000] "GET /google HTTP/1.1" 302 0
::ffff:127.0.0.1 - - [27/May/2022:11:24:52 +0000] "GET /login HTTP/1.1" 304 -
::1 - - [27/May/2022:11:24:56 +0000] "GET /login HTTP/1.1" 304 -
::1 - - [27/May/2022:11:24:58 +0000] "GET /google HTTP/1.1" 302 0
::1 - - [27/May/2022:11:25:06 +0000] "GET /google/callback?code=4%2F0AX4XfWj6yvtEWWI3RVRf9GdUXDhDJ7KXZelo8MGgWDKhaNTchyyAz8PF4nb0ctEYeg-BQA&scope=email+profile+https%3A%2F%2Fwww.googleapis.com%2Fauth%2Fuserinfo.email+https%3A%2F%2Fwww.googleapis.com%2Fauth%2Fuserinfo.profile+openid&authuser=2&prompt=consent HTTP/1.1" 302 56
::1 - - [27/May/2022:11:25:06 +0000] "GET /login HTTP/1.1" 304 -
::1 - - [27/May/2022:11:25:44 +0000] "GET /login HTTP/1.1" 304 -
::1 - - [27/May/2022:11:25:46 +0000] "GET /google HTTP/1.1" 302 0
::1 - - [27/May/2022:11:25:55 +0000] "GET /google/callback?code=4%2F0AX4XfWi3W6TG1MEwVk8bNHrAVUmryuMg1779rkNpZ2EygDWXaGRQyaFd06d5x08Sudd22A&scope=email+profile+https%3A%2F%2Fwww.googleapis.com%2Fauth%2Fuserinfo.email+https%3A%2F%2Fwww.googleapis.com%2Fauth%2Fuserinfo.profile+openid&authuser=5&prompt=consent HTTP/1.1" 302 56
::1 - - [27/May/2022:11:25:55 +0000] "GET /login HTTP/1.1" 304 -
::1 - - [27/May/2022:11:25:58 +0000] "GET /google HTTP/1.1" 302 0
::1 - - [27/May/2022:11:26:10 +0000] "GET /google/callback?code=4%2F0AX4XfWg19rUsKn9ZQgiCnKReD1BoBLLrj3At04GCSeshqWyvRBniAHT2tfi2Dc7Ds15XRg&scope=email+profile+https%3A%2F%2Fwww.googleapis.com%2Fauth%2Fuserinfo.email+https%3A%2F%2Fwww.googleapis.com%2Fauth%2Fuserinfo.profile+openid&authuser=3&prompt=consent HTTP/1.1" 302 56
::1 - - [27/May/2022:11:26:10 +0000] "GET /login HTTP/1.1" 304 -
::1 - - [27/May/2022:11:26:12 +0000] "GET /google HTTP/1.1" 302 0
::1 - - [27/May/2022:11:26:18 +0000] "GET /google/callback?code=4%2F0AX4XfWgJv1isY_wbY2iqt-30-RVZ-30-Dzypj4nBDfWPdQylRziAGR7KTE5aofZqnioTig&scope=email+profile+https%3A%2F%2Fwww.googleapis.com%2Fauth%2Fuserinfo.email+https%3A%2F%2Fwww.googleapis.com%2Fauth%2Fuserinfo.profile+openid&authuser=1&prompt=consent HTTP/1.1" 302 64
::1 - - [27/May/2022:11:26:18 +0000] "GET /protected HTTP/1.1" 304 -
::1 - - [27/May/2022:11:27:39 +0000] "GET /logout HTTP/1.1" 302 56
::1 - - [27/May/2022:11:27:40 +0000] "GET /login HTTP/1.1" 304 -
::1 - - [27/May/2022:11:27:46 +0000] "GET /google HTTP/1.1" 302 0
::1 - - [27/May/2022:11:27:58 +0000] "GET /google/callback?code=4%2F0AX4XfWiMkDUgWUunckveopm_ZCCj8TlXptie16y7dX5vAdefs4kEI-9zc8QgNzlUOl_CSQ&scope=email+profile+https%3A%2F%2Fwww.googleapis.com%2Fauth%2Fuserinfo.email+https%3A%2F%2Fwww.googleapis.com%2Fauth%2Fuserinfo.profile+openid&authuser=2&prompt=consent HTTP/1.1" 302 64
::1 - - [27/May/2022:11:27:58 +0000] "GET /protected HTTP/1.1" 304 -
::1 - - [27/May/2022:11:29:03 +0000] "GET /login HTTP/1.1" 304 -
::1 - - [27/May/2022:11:29:05 +0000] "GET /google HTTP/1.1" 302 0
::1 - - [27/May/2022:11:29:11 +0000] "GET /google/callback?code=4%2F0AX4XfWhwBheQLwxRtxNVSHbmoRcWlg92Jqk_h9JvmYv9M4cm8Pq9UX5KVwcBi6QEuQQRUg&scope=email+profile+https%3A%2F%2Fwww.googleapis.com%2Fauth%2Fuserinfo.email+https%3A%2F%2Fwww.googleapis.com%2Fauth%2Fuserinfo.profile+openid&authuser=4&prompt=consent HTTP/1.1" 302 64
::1 - - [27/May/2022:11:29:11 +0000] "GET /protected HTTP/1.1" 304 -
::1 - - [27/May/2022:11:29:16 +0000] "GET /logout HTTP/1.1" 302 56
::1 - - [27/May/2022:11:29:16 +0000] "GET /login HTTP/1.1" 304 -
::ffff:127.0.0.1 - - [27/May/2022:11:30:02 +0000] "GET /google HTTP/1.1" 302 0
::ffff:127.0.0.1 - - [27/May/2022:11:30:11 +0000] "GET /google/callback?code=4%2F0AX4XfWgRgkDNhQJO1AgeMdykP2P2-hbV3pHC7yILHKsRqnQdjgPp-rrNnmYoednzH-Dr6Q&scope=email+profile+https%3A%2F%2Fwww.googleapis.com%2Fauth%2Fuserinfo.email+https%3A%2F%2Fwww.googleapis.com%2Fauth%2Fuserinfo.profile+openid&authuser=4&prompt=consent HTTP/1.1" 302 64
::ffff:127.0.0.1 - - [27/May/2022:11:30:11 +0000] "GET /protected HTTP/1.1" 200 52
::1 - - [27/May/2022:11:30:49 +0000] "GET /logout HTTP/1.1" 302 56
::1 - - [27/May/2022:11:30:49 +0000] "GET /login HTTP/1.1" 304 -
::1 - - [27/May/2022:11:30:51 +0000] "GET /google HTTP/1.1" 302 0
::1 - - [27/May/2022:11:31:02 +0000] "GET /google/callback?code=4%2F0AX4XfWimNrqQLPLFSvChHOLieCsr0mIirrkI0yv3u6XzFMVamByjjUbzWF55CSD7mF2I1Q&scope=email+profile+https%3A%2F%2Fwww.googleapis.com%2Fauth%2Fuserinfo.email+https%3A%2F%2Fwww.googleapis.com%2Fauth%2Fuserinfo.profile+openid&authuser=5&prompt=consent HTTP/1.1" 302 64
::1 - - [27/May/2022:11:31:02 +0000] "GET /protected HTTP/1.1" 200 79
::1 - - [27/May/2022:11:31:08 +0000] "GET /logout HTTP/1.1" 302 56
::1 - - [27/May/2022:11:31:08 +0000] "GET /login HTTP/1.1" 304 -
::1 - - [27/May/2022:11:32:06 +0000] "GET /google HTTP/1.1" 302 0
::1 - - [27/May/2022:11:32:16 +0000] "GET /google/callback?code=4%2F0AX4XfWgF_h0nHm9LoY11UW1p239K6LtSeOjfG86xW-PjC0qN5-SzUGOxKbuBP7t-2nbt_w&scope=email+profile+https%3A%2F%2Fwww.googleapis.com%2Fauth%2Fuserinfo.email+https%3A%2F%2Fwww.googleapis.com%2Fauth%2Fuserinfo.profile+openid&authuser=4&prompt=consent HTTP/1.1" 302 64
::1 - - [27/May/2022:11:32:16 +0000] "GET /protected HTTP/1.1" 200 58
::1 - - [27/May/2022:11:32:44 +0000] "GET /logout HTTP/1.1" 302 56
::1 - - [27/May/2022:11:32:44 +0000] "GET /login HTTP/1.1" 304 -
::1 - - [27/May/2022:11:34:10 +0000] "GET /login HTTP/1.1" 304 -
::1 - - [27/May/2022:11:34:12 +0000] "GET /google HTTP/1.1" 302 0
::1 - - [27/May/2022:11:35:26 +0000] "GET /google/callback?code=4%2F0AX4XfWjoN_wkH58g7DzXkRwFd0ONShdrBUnyycBwEUVg5f-5yYR_ptGywogLPl10A54ZsA&scope=email+profile+https%3A%2F%2Fwww.googleapis.com%2Fauth%2Fuserinfo.email+https%3A%2F%2Fwww.googleapis.com%2Fauth%2Fuserinfo.profile+openid&authuser=3&prompt=consent HTTP/1.1" 500 1374
::1 - - [27/May/2022:11:39:04 +0000] "GET /google/callback?code=4%2F0AX4XfWjEo4tNa1gwznguSSoBMsMFakRPBKeG_6SlpomJeHSQj8AhRjH6vlktqsoBUgeX1A&scope=email+profile+https%3A%2F%2Fwww.googleapis.com%2Fauth%2Fuserinfo.email+https%3A%2F%2Fwww.googleapis.com%2Fauth%2Fuserinfo.profile+openid&authuser=4&prompt=consent HTTP/1.1" 500 1374
::1 - - [27/May/2022:11:40:30 +0000] "GET /google/callback?code=4%2F0AX4XfWitfW6EhZJK2E4ufiGGmqdd5neE1_JOA3c7zsg-sKrFtwNNUTlemUFMjKzboGuBfg&scope=email+profile+https%3A%2F%2Fwww.googleapis.com%2Fauth%2Fuserinfo.email+https%3A%2F%2Fwww.googleapis.com%2Fauth%2Fuserinfo.profile+openid&authuser=1&prompt=consent HTTP/1.1" 500 1374
::1 - - [27/May/2022:11:48:03 +0000] "GET /login HTTP/1.1" 304 -
::1 - - [27/May/2022:11:48:06 +0000] "GET /google HTTP/1.1" 302 0
::1 - - [27/May/2022:11:48:12 +0000] "GET /google/callback?code=4%2F0AX4XfWh--Lg4R0TTCT1pw29SfO5Up48VQEQmtOV4J02CLgEJMrlKZa_5Uxpw9RBlRTEHqA&scope=email+profile+https%3A%2F%2Fwww.googleapis.com%2Fauth%2Fuserinfo.email+https%3A%2F%2Fwww.googleapis.com%2Fauth%2Fuserinfo.profile+openid&authuser=4&prompt=consent HTTP/1.1" 302 64
::1 - - [27/May/2022:11:48:12 +0000] "GET /protected HTTP/1.1" 304 -
::1 - - [27/May/2022:11:48:40 +0000] "GET /google/callback?code=4%2F0AX4XfWjPSat0DOtWByvou35jpJA6u0Z5hpmykRi2WZvFilu7EFGRO64UZRvioe798BpKVA&scope=email+profile+https%3A%2F%2Fwww.googleapis.com%2Fauth%2Fuserinfo.email+https%3A%2F%2Fwww.googleapis.com%2Fauth%2Fuserinfo.profile+openid&authuser=5&prompt=consent HTTP/1.1" 302 64
::1 - - [27/May/2022:11:48:40 +0000] "GET /protected HTTP/1.1" 304 -
::1 - - [27/May/2022:11:49:12 +0000] "GET /logout HTTP/1.1" 302 56
::1 - - [27/May/2022:11:49:12 +0000] "GET /login HTTP/1.1" 304 -
::1 - - [27/May/2022:11:49:36 +0000] "GET /login HTTP/1.1" 200 5294
::1 - - [27/May/2022:11:49:40 +0000] "GET /google HTTP/1.1" 302 0
::1 - - [27/May/2022:11:49:46 +0000] "GET /google/callback?code=4%2F0AX4XfWi6wOa8G32HXeBFMNpe9Ocs076yP2Ch4n-1AW7YlY1NmI9PQMxnsbusrFC2oL_mOA&scope=email+profile+https%3A%2F%2Fwww.googleapis.com%2Fauth%2Fuserinfo.email+https%3A%2F%2Fwww.googleapis.com%2Fauth%2Fuserinfo.profile+openid&authuser=3&prompt=consent HTTP/1.1" 302 64
::1 - - [27/May/2022:11:49:46 +0000] "GET /protected HTTP/1.1" 304 -
::1 - - [27/May/2022:11:50:18 +0000] "GET /logout HTTP/1.1" 302 56
::1 - - [27/May/2022:11:50:18 +0000] "GET /login HTTP/1.1" 304 -
::1 - - [27/May/2022:11:50:19 +0000] "GET /google HTTP/1.1" 302 0
::1 - - [27/May/2022:11:50:28 +0000] "GET /google/callback?code=4%2F0AX4XfWj3upvd3WD0Y5LpKLZ2uo-tA_M5B2GeGXKhDLEhM2YrP1FSvgKhcK-3MvP72Jum7Q&scope=email+profile+https%3A%2F%2Fwww.googleapis.com%2Fauth%2Fuserinfo.email+https%3A%2F%2Fwww.googleapis.com%2Fauth%2Fuserinfo.profile+openid&authuser=3&prompt=consent HTTP/1.1" 302 64
::1 - - [27/May/2022:11:50:28 +0000] "GET /protected HTTP/1.1" 200 45
::1 - - [27/May/2022:11:50:42 +0000] "GET /logout HTTP/1.1" 302 56
::1 - - [27/May/2022:11:50:42 +0000] "GET /login HTTP/1.1" 304 -
::1 - - [27/May/2022:11:50:44 +0000] "GET /google HTTP/1.1" 302 0
::1 - - [27/May/2022:11:50:50 +0000] "GET /google/callback?code=4%2F0AX4XfWg69UitzYExE5fndDk7APAuoSAI0UEetlF6yV8npVTpuUtHz8eVuS97gVhgvxWy0g&scope=email+profile+https%3A%2F%2Fwww.googleapis.com%2Fauth%2Fuserinfo.email+https%3A%2F%2Fwww.googleapis.com%2Fauth%2Fuserinfo.profile+openid&authuser=1&prompt=consent HTTP/1.1" 302 64
::1 - - [27/May/2022:11:50:50 +0000] "GET /protected HTTP/1.1" 200 54
::1 - - [27/May/2022:11:51:07 +0000] "GET /logout HTTP/1.1" 302 56
::1 - - [27/May/2022:11:51:07 +0000] "GET /login HTTP/1.1" 304 -
::1 - - [27/May/2022:11:51:19 +0000] "GET /login HTTP/1.1" 304 -
::1 - - [27/May/2022:11:51:22 +0000] "GET /google HTTP/1.1" 302 0
::1 - - [27/May/2022:11:51:29 +0000] "GET /google/callback?code=4%2F0AX4XfWhmwI3bpbxJtrSwDoZeHk3wbXiS_yxtD2zA1DV_3y5JRovUEHShh8s8Bmh47IYUrw&scope=email+profile+https%3A%2F%2Fwww.googleapis.com%2Fauth%2Fuserinfo.email+https%3A%2F%2Fwww.googleapis.com%2Fauth%2Fuserinfo.profile+openid&authuser=3&prompt=consent HTTP/1.1" 302 64
::1 - - [27/May/2022:11:51:29 +0000] "GET /dashboard HTTP/1.1" 200 8279
::1 - - [27/May/2022:11:52:05 +0000] "GET /user-games HTTP/1.1" 200 9929
::1 - - [27/May/2022:11:58:29 +0000] "GET /logout HTTP/1.1" 302 56
::1 - - [27/May/2022:11:58:29 +0000] "GET /login HTTP/1.1" 200 5803
::1 - - [27/May/2022:11:59:17 +0000] "GET /login HTTP/1.1" 200 5831
::1 - - [27/May/2022:11:59:49 +0000] "GET /login HTTP/1.1" 200 5912
::1 - - [27/May/2022:11:59:52 +0000] "GET /login HTTP/1.1" 304 -
::1 - - [27/May/2022:12:00:05 +0000] "GET /login HTTP/1.1" 200 5919
::1 - - [27/May/2022:12:01:03 +0000] "GET /login HTTP/1.1" 200 5849
::1 - - [27/May/2022:12:01:08 +0000] "GET /google HTTP/1.1" 302 0
::1 - - [27/May/2022:12:01:23 +0000] "GET /google/callback?code=4%2F0AX4XfWh5WTLxqtqgSjOtZFb-6bPG3Sw9hyOgqpXRI2cvupSmsz_-yLfmTO63a2GzSSgTqA&scope=email+profile+https%3A%2F%2Fwww.googleapis.com%2Fauth%2Fuserinfo.email+https%3A%2F%2Fwww.googleapis.com%2Fauth%2Fuserinfo.profile+openid&authuser=2&prompt=consent HTTP/1.1" 302 64
::1 - - [27/May/2022:12:01:23 +0000] "GET /dashboard HTTP/1.1" 200 8328
::1 - - [27/May/2022:12:01:28 +0000] "GET /user-games HTTP/1.1" 200 9983
::1 - - [27/May/2022:12:01:33 +0000] "GET /logout HTTP/1.1" 302 56
::1 - - [27/May/2022:12:01:33 +0000] "GET /login HTTP/1.1" 304 -
::1 - - [27/May/2022:12:01:57 +0000] "GET /google HTTP/1.1" 302 0
::1 - - [27/May/2022:12:02:06 +0000] "GET /google/callback?code=4%2F0AX4XfWjA0hT9zN67i9O6qYLf6G1v4XHWMM1oryCzIxX5cVh-9DdIo7oxNawJ7vQ_nOqDdw&scope=email+profile+https%3A%2F%2Fwww.googleapis.com%2Fauth%2Fuserinfo.email+https%3A%2F%2Fwww.googleapis.com%2Fauth%2Fuserinfo.profile+openid&authuser=4&prompt=consent HTTP/1.1" 302 64
::1 - - [27/May/2022:12:02:06 +0000] "GET /dashboard HTTP/1.1" 200 8292
::1 - - [27/May/2022:12:02:11 +0000] "GET /user-games HTTP/1.1" 200 9947
::1 - - [27/May/2022:13:09:45 +0000] "GET / HTTP/1.1" 200 5849
::1 - - [27/May/2022:13:10:23 +0000] "GET /google HTTP/1.1" 302 0
::1 - - [27/May/2022:13:10:38 +0000] "GET /google/callback?code=4%2F0AX4XfWhZyGewzeMtnHoIN-LGQaTVngzIymPBzcU-XdUPPejIF_-w8m3ZJrQuAT1ocBiuxA&scope=email+profile+https%3A%2F%2Fwww.googleapis.com%2Fauth%2Fuserinfo.email+https%3A%2F%2Fwww.googleapis.com%2Fauth%2Fuserinfo.profile+openid&authuser=3&prompt=consent HTTP/1.1" 302 64
::1 - - [27/May/2022:13:10:38 +0000] "GET /dashboard HTTP/1.1" 200 8279
::1 - - [27/May/2022:13:11:08 +0000] "GET /user-games HTTP/1.1" 200 9929
::1 - - [27/May/2022:13:41:47 +0000] "GET / HTTP/1.1" 304 -
::1 - - [27/May/2022:13:42:10 +0000] "GET /google HTTP/1.1" 302 0
::1 - - [27/May/2022:13:42:19 +0000] "GET /google/callback?code=4%2F0AX4XfWg_dQOErGfWJk-F-UdFKZ7OFSPFIIJCGHNT91bv7u6D4vPrYARtO4DXrHubGt_fLg&scope=email+profile+https%3A%2F%2Fwww.googleapis.com%2Fauth%2Fuserinfo.email+https%3A%2F%2Fwww.googleapis.com%2Fauth%2Fuserinfo.profile+openid&authuser=4&prompt=consent HTTP/1.1" 302 64
::1 - - [27/May/2022:13:42:19 +0000] "GET /dashboard HTTP/1.1" 200 8292
::1 - - [27/May/2022:13:42:24 +0000] "GET /profile HTTP/1.1" 200 15714
::1 - - [27/May/2022:13:42:24 +0000] "GET /undefined HTTP/1.1" 404 3375
::1 - - [27/May/2022:13:42:27 +0000] "GET /profile/account HTTP/1.1" 200 13160
::1 - - [27/May/2022:13:42:27 +0000] "GET /static/file/images/ HTTP/1.1" 404 3375
::1 - - [27/May/2022:13:42:27 +0000] "GET /profile/undefined HTTP/1.1" 404 3375
::1 - - [27/May/2022:13:42:30 +0000] "GET /logout HTTP/1.1" 302 56
::1 - - [27/May/2022:13:42:30 +0000] "GET /login HTTP/1.1" 304 -
::1 - - [27/May/2022:13:45:56 +0000] "GET /google/callback?code=4%2F0AX4XfWhcIZNmzTCsV68PShw3-v7QlcqKYlda3XuqaGI3NwjtNJphJTArVtzNuwkrr_a2vw&scope=email+profile+https%3A%2F%2Fwww.googleapis.com%2Fauth%2Fuserinfo.email+https%3A%2F%2Fwww.googleapis.com%2Fauth%2Fuserinfo.profile+openid&authuser=2&prompt=consent HTTP/1.1" 302 64
::1 - - [27/May/2022:13:45:56 +0000] "GET /dashboard HTTP/1.1" 200 8328
::1 - - [27/May/2022:13:47:34 +0000] "POST /api/v1/login HTTP/1.1" 200 336
::1 - - [27/May/2022:13:51:32 +0000] "GET /google HTTP/1.1" 302 64
::1 - - [27/May/2022:13:51:32 +0000] "GET /dashboard HTTP/1.1" 304 -
::1 - - [27/May/2022:13:51:40 +0000] "GET /logout HTTP/1.1" 302 56
::1 - - [27/May/2022:13:51:40 +0000] "GET /login HTTP/1.1" 304 -
::1 - - [27/May/2022:13:51:42 +0000] "GET /google HTTP/1.1" 302 0
::1 - - [27/May/2022:13:52:16 +0000] "GET /google/callback?code=4%2F0AX4XfWidPYdTNRdg3MgsoDd-yvHTIK2Ce4AnAP0__N4_YnDLNam-56q7FRsA2TLssYweUg&scope=email+profile+https%3A%2F%2Fwww.googleapis.com%2Fauth%2Fuserinfo.email+https%3A%2F%2Fwww.googleapis.com%2Fauth%2Fuserinfo.profile+openid&authuser=4&prompt=consent HTTP/1.1" 302 64
::1 - - [27/May/2022:13:52:16 +0000] "GET /dashboard HTTP/1.1" 200 8292
::1 - - [27/May/2022:13:52:54 +0000] "GET /google/callback?code=4%2F0AX4XfWgQJW-MD_-88suHg1pxpN-Ze87h6BIly8LOk8YK0bOnJN-iFHY14L67WZ9sXuoe2Q&scope=email+profile+https%3A%2F%2Fwww.googleapis.com%2Fauth%2Fuserinfo.email+https%3A%2F%2Fwww.googleapis.com%2Fauth%2Fuserinfo.profile+openid&authuser=4&prompt=consent HTTP/1.1" 302 64
::1 - - [27/May/2022:13:52:54 +0000] "GET /dashboard HTTP/1.1" 304 -
::1 - - [27/May/2022:13:53:08 +0000] "GET /logout HTTP/1.1" 302 56
::1 - - [27/May/2022:13:53:08 +0000] "GET /login HTTP/1.1" 304 -
::1 - - [27/May/2022:13:53:12 +0000] "POST /logins HTTP/1.1" 302 62
::1 - - [27/May/2022:13:53:12 +0000] "GET /dashboard HTTP/1.1" 200 8280
::1 - - [27/May/2022:13:53:14 +0000] "GET /user-games HTTP/1.1" 200 41837
::1 - - [27/May/2022:13:53:15 +0000] "GET /static/file/images/profil-1654613866819.jpg HTTP/1.1" 404 3375
::1 - - [27/May/2022:13:53:15 +0000] "GET /static/file/video/video-1654231658287.mp4 HTTP/1.1" 404 3375
::1 - - [27/May/2022:13:53:41 +0000] "GET /user-games/update/2 HTTP/1.1" 200 13639
::1 - - [27/May/2022:13:53:56 +0000] "POST /user-games/update/2 HTTP/1.1" 302 66
::1 - - [27/May/2022:13:53:57 +0000] "GET /user-games HTTP/1.1" 200 42058
::1 - - [27/May/2022:13:53:57 +0000] "GET /static/file/images/profil-1654613866819.jpg HTTP/1.1" 404 3375
::1 - - [27/May/2022:13:53:58 +0000] "GET /static/file/video/video-1654231658287.mp4 HTTP/1.1" 404 3375
::1 - - [27/May/2022:13:54:02 +0000] "GET /logout HTTP/1.1" 302 56
::1 - - [27/May/2022:13:54:02 +0000] "GET /login HTTP/1.1" 304 -
::1 - - [27/May/2022:14:00:31 +0000] "GET / HTTP/1.1" 200 6060
::1 - - [27/May/2022:14:01:03 +0000] "GET / HTTP/1.1" 200 6090
::1 - - [27/May/2022:14:02:23 +0000] "GET / HTTP/1.1" 200 6194
::1 - - [27/May/2022:14:02:34 +0000] "GET / HTTP/1.1" 200 6196
::1 - - [27/May/2022:14:02:54 +0000] "GET / HTTP/1.1" 200 6196
::1 - - [27/May/2022:14:03:03 +0000] "GET / HTTP/1.1" 200 6163
::1 - - [27/May/2022:14:03:21 +0000] "GET / HTTP/1.1" 200 6196
::1 - - [27/May/2022:14:03:22 +0000] "GET / HTTP/1.1" 304 -
::1 - - [27/May/2022:14:03:36 +0000] "GET /google HTTP/1.1" 302 0
::1 - - [27/May/2022:14:04:24 +0000] "GET /google/callback?code=4%2F0AX4XfWiTfXlZAo9fl1jwKU-172gP8pQBPZodJSVgNwxz_6ueZbWDvBucmX_dKDCZ8PfjkQ&scope=email+profile+https%3A%2F%2Fwww.googleapis.com%2Fauth%2Fuserinfo.email+https%3A%2F%2Fwww.googleapis.com%2Fauth%2Fuserinfo.profile+openid&authuser=4&prompt=consent HTTP/1.1" 302 64
::1 - - [27/May/2022:14:04:24 +0000] "GET /dashboard HTTP/1.1" 200 8292
::1 - - [27/May/2022:14:04:29 +0000] "GET /user-games HTTP/1.1" 200 9947
::1 - - [27/May/2022:14:04:40 +0000] "GET /logout HTTP/1.1" 302 56
::1 - - [27/May/2022:14:04:40 +0000] "GET /login HTTP/1.1" 200 6196
::1 - - [27/May/2022:14:04:46 +0000] "POST /logins HTTP/1.1" 302 62
::1 - - [27/May/2022:14:04:46 +0000] "GET /dashboard HTTP/1.1" 200 8267
::1 - - [27/May/2022:14:04:49 +0000] "GET /user-games HTTP/1.1" 200 42043
::1 - - [27/May/2022:14:04:49 +0000] "GET /static/file/images/profil-1654613866819.jpg HTTP/1.1" 404 3375
::1 - - [27/May/2022:14:04:50 +0000] "GET /static/file/video/video-1654231658287.mp4 HTTP/1.1" 404 3375
::1 - - [27/May/2022:14:04:55 +0000] "GET /user-games/delete/7 HTTP/1.1" 302 66
::1 - - [27/May/2022:14:04:56 +0000] "GET /user-games HTTP/1.1" 304 -
::1 - - [27/May/2022:14:04:56 +0000] "GET /static/file/images/profil-1654613866819.jpg HTTP/1.1" 404 3375
::1 - - [27/May/2022:14:04:56 +0000] "GET /static/file/video/video-1654231658287.mp4 HTTP/1.1" 404 3375
::1 - - [27/May/2022:14:04:59 +0000] "GET /user-games HTTP/1.1" 200 40142
::1 - - [27/May/2022:14:11:37 +0000] "GET /user-games HTTP/1.1" 304 -
::1 - - [27/May/2022:14:23:43 +0000] "GET /api/v1/user-games/4 HTTP/1.1" 200 376
