::1 - - [06/Jun/2022:10:00:58 +0000] "GET / HTTP/1.1" 304 -
::1 - - [06/Jun/2022:10:01:06 +0000] "GET /register HTTP/1.1" 200 7928
::1 - - [06/Jun/2022:10:02:18 +0000] "POST /registers HTTP/1.1" 302 54
::1 - - [06/Jun/2022:10:02:18 +0000] "GET /login HTTP/1.1" 200 6404
::1 - - [06/Jun/2022:10:02:52 +0000] "GET /register HTTP/1.1" 304 -
::1 - - [06/Jun/2022:10:05:52 +0000] "GET /register HTTP/1.1" 200 8023
::1 - - [06/Jun/2022:10:06:03 +0000] "GET /register HTTP/1.1" 304 -
::1 - - [06/Jun/2022:10:06:27 +0000] "GET /register HTTP/1.1" 304 -
::1 - - [06/Jun/2022:10:06:28 +0000] "GET /register HTTP/1.1" 304 -
::1 - - [06/Jun/2022:10:06:29 +0000] "GET /register HTTP/1.1" 304 -
::1 - - [06/Jun/2022:10:06:38 +0000] "GET /register HTTP/1.1" 200 7928
::1 - - [06/Jun/2022:10:06:39 +0000] "GET /register HTTP/1.1" 304 -
::1 - - [06/Jun/2022:10:07:03 +0000] "POST /registers HTTP/1.1" 400 7928
::1 - - [06/Jun/2022:10:07:19 +0000] "GET /register HTTP/1.1" 500 2927
::1 - - [06/Jun/2022:10:08:13 +0000] "GET /register HTTP/1.1" 200 7928
::1 - - [06/Jun/2022:10:08:27 +0000] "POST /registers HTTP/1.1" 500 3396
::1 - - [06/Jun/2022:10:10:01 +0000] "GET /login HTTP/1.1" 304 -
::1 - - [06/Jun/2022:10:10:07 +0000] "GET /forgot-password HTTP/1.1" 304 -
::1 - - [06/Jun/2022:10:10:11 +0000] "POST /forgot-password HTTP/1.1" 200 3741
::1 - - [06/Jun/2022:10:11:10 +0000] "GET /forgot-password HTTP/1.1" 200 3646
::1 - - [06/Jun/2022:10:11:14 +0000] "GET /register HTTP/1.1" 304 -
::1 - - [06/Jun/2022:10:11:28 +0000] "POST /registers HTTP/1.1" 400 8040
::1 - - [06/Jun/2022:10:11:51 +0000] "POST /registers HTTP/1.1" 400 8040
::1 - - [06/Jun/2022:10:12:08 +0000] "POST /registers HTTP/1.1" 302 54
::1 - - [06/Jun/2022:10:12:08 +0000] "GET /login HTTP/1.1" 304 -
::1 - - [06/Jun/2022:10:12:57 +0000] "POST /api/v1/login HTTP/1.1" 200 60
::1 - - [06/Jun/2022:10:13:07 +0000] "POST /api/v1/register HTTP/1.1" 201 423
::1 - - [06/Jun/2022:10:13:19 +0000] "POST /api/v1/login HTTP/1.1" 200 365
::1 - - [06/Jun/2022:10:13:26 +0000] "GET /api/v1/user-games HTTP/1.1" 401 53
