::1 - - [26/May/2022:11:56:48 +0000] "GET / HTTP/1.1" 200 4493
::1 - - [26/May/2022:11:58:23 +0000] "GET /register HTTP/1.1" 304 -
::1 - - [26/May/2022:11:58:41 +0000] "POST /registers HTTP/1.1" 400 3355
::1 - - [26/May/2022:11:58:47 +0000] "GET /dashboard HTTP/1.1" 302 56
::1 - - [26/May/2022:11:58:48 +0000] "GET /login HTTP/1.1" 304 -
::1 - - [26/May/2022:11:58:52 +0000] "POST /logins HTTP/1.1" 302 62
::1 - - [26/May/2022:11:58:52 +0000] "GET /dashboard HTTP/1.1" 200 8278
::1 - - [26/May/2022:11:58:57 +0000] "GET /user-games HTTP/1.1" 200 23660
::1 - - [26/May/2022:12:06:26 +0000] "GET /profile HTTP/1.1" 302 56
::1 - - [26/May/2022:12:06:27 +0000] "GET /login HTTP/1.1" 304 -
::1 - - [26/May/2022:12:06:35 +0000] "GET /register HTTP/1.1" 304 -
::1 - - [26/May/2022:12:06:41 +0000] "POST /registers HTTP/1.1" 302 54
::1 - - [26/May/2022:12:06:41 +0000] "GET /login HTTP/1.1" 304 -
::1 - - [26/May/2022:12:06:46 +0000] "POST /logins HTTP/1.1" 302 62
::1 - - [26/May/2022:12:06:47 +0000] "GET /dashboard HTTP/1.1" 200 8272
::1 - - [26/May/2022:12:06:48 +0000] "GET /user-games HTTP/1.1" 200 10166
::1 - - [26/May/2022:12:23:58 +0000] "POST /api/v1/register HTTP/1.1" 201 348
::1 - - [26/May/2022:12:24:15 +0000] "POST /api/v1/login HTTP/1.1" 200 332
::1 - - [26/May/2022:12:24:52 +0000] "POST /api/v1/login HTTP/1.1" 200 32
::1 - - [26/May/2022:12:24:52 +0000] "POST /api/v1/register HTTP/1.1" 201 372
::1 - - [26/May/2022:12:24:52 +0000] "GET /api/v1/user-games HTTP/1.1" 200 5602
::1 - - [26/May/2022:12:24:52 +0000] "GET /api/v1/user-games/2 HTTP/1.1" 200 376
::1 - - [26/May/2022:12:24:52 +0000] "POST /api/v1/user-games/insert?username=piaws23&email=piaws23@gmail.com&password=pia234 HTTP/1.1" 201 355
::1 - - [26/May/2022:12:24:53 +0000] "POST /api/v1/user-games HTTP/1.1" 201 353
::1 - - [26/May/2022:12:24:53 +0000] "PUT /api/v1/user-games/7 HTTP/1.1" 200 51
::1 - - [26/May/2022:12:24:54 +0000] "DELETE /api/v1/user-games/1 HTTP/1.1" 200 69
::1 - - [26/May/2022:12:24:54 +0000] "GET /api/v1/user-games-biodata HTTP/1.1" 200 59
::1 - - [26/May/2022:12:24:54 +0000] "GET /api/v1/user-games-biodata/1 HTTP/1.1" 500 415
::1 - - [26/May/2022:12:24:54 +0000] "POST /api/v1/user-games-biodata HTTP/1.1" 201 274
::1 - - [26/May/2022:12:24:54 +0000] "PUT /api/v1/user-games-biodata/1 HTTP/1.1" 200 32
::1 - - [26/May/2022:12:24:54 +0000] "DELETE /api/v1/user-games-biodata/3 HTTP/1.1" 404 416
::1 - - [26/May/2022:12:24:54 +0000] "GET /api/v1/user-games-history HTTP/1.1" 200 59
::1 - - [26/May/2022:12:24:55 +0000] "GET /api/v1/user-games-history/2 HTTP/1.1" 500 415
::1 - - [26/May/2022:12:24:55 +0000] "POST /api/v1/user-games-history HTTP/1.1" 201 244
::1 - - [26/May/2022:12:24:55 +0000] "PUT /api/v1/user-games-history/2 HTTP/1.1" 404 28
::1 - - [26/May/2022:12:24:55 +0000] "DELETE /api/v1/user-games-history/2 HTTP/1.1" 404 408
::1 - - [26/May/2022:12:25:07 +0000] "GET /api/v1/user-games HTTP/1.1" 200 6300
::1 - - [26/May/2022:12:25:14 +0000] "GET /api/v1/user-games/9 HTTP/1.1" 200 376
::1 - - [26/May/2022:12:27:34 +0000] "GET /api/v1/user-games HTTP/1.1" 401 66
::1 - - [26/May/2022:12:27:39 +0000] "GET /api/v1/user-games/9 HTTP/1.1" 401 67
::1 - - [26/May/2022:12:28:35 +0000] "GET /api/v1/user-games/11 HTTP/1.1" 401 67
::1 - - [26/May/2022:12:28:38 +0000] "GET /api/v1/user-games/11 HTTP/1.1" 401 67
::1 - - [26/May/2022:12:30:56 +0000] "POST /api/v1/register HTTP/1.1" 201 354
::1 - - [26/May/2022:12:31:56 +0000] "GET /user-games HTTP/1.1" 302 56
::1 - - [26/May/2022:12:31:58 +0000] "GET /login HTTP/1.1" 304 -
::1 - - [26/May/2022:12:43:29 +0000] "POST /api/v1/user-games/insert?username=piaws234&email=piaws235@gmail.com&password=pia234&role_id=1 HTTP/1.1" 201 354
::1 - - [26/May/2022:12:44:02 +0000] "POST /api/v1/login HTTP/1.1" 200 340
::1 - - [26/May/2022:12:44:17 +0000] "GET /api/v1/user-games HTTP/1.1" 200 7259
::1 - - [26/May/2022:12:44:37 +0000] "GET /api/v1/user-games/11 HTTP/1.1" 200 376
::1 - - [26/May/2022:12:47:01 +0000] "POST /api/v1/user-games/insert?username=piaws234&email=piaws235@gmail.com&password=pia234&role_id=1 HTTP/1.1" 401 69
::1 - - [26/May/2022:12:47:37 +0000] "GET /api/v1/user-games HTTP/1.1" 401 66
::1 - - [26/May/2022:12:47:45 +0000] "GET /api/v1/user-games/11 HTTP/1.1" 401 67
::1 - - [26/May/2022:12:47:49 +0000] "POST /api/v1/user-games/insert?username=piaws234&email=piaws235@gmail.com&password=pia234&role_id=1 HTTP/1.1" 401 69
::1 - - [26/May/2022:12:48:49 +0000] "POST /api/v1/user-games HTTP/1.1" 400 46
::1 - - [26/May/2022:12:48:57 +0000] "GET /api/v1/user-games/11 HTTP/1.1" 200 376
::1 - - [26/May/2022:12:56:10 +0000] "PUT /api/v1/user-games/2 HTTP/1.1" 500 393
::1 - - [26/May/2022:12:56:40 +0000] "PUT /api/v1/user-games/2 HTTP/1.1" 200 51
::1 - - [26/May/2022:12:56:59 +0000] "PUT /api/v1/user-games/2 HTTP/1.1" 200 51
::1 - - [26/May/2022:12:57:38 +0000] "PUT /api/v1/user-games/2 HTTP/1.1" 200 51
::1 - - [26/May/2022:12:58:21 +0000] "POST /api/v1/login HTTP/1.1" 200 355
::1 - - [26/May/2022:12:59:01 +0000] "POST /api/v1/login HTTP/1.1" 200 32
::1 - - [26/May/2022:12:59:17 +0000] "POST /api/v1/user-games HTTP/1.1" 201 354
::1 - - [26/May/2022:12:59:22 +0000] "POST /api/v1/login HTTP/1.1" 200 340
::1 - - [26/May/2022:12:59:49 +0000] "GET /api/v1/user-games HTTP/1.1" 401 66
::1 - - [26/May/2022:12:59:53 +0000] "GET /api/v1/user-games/11 HTTP/1.1" 401 67
::1 - - [26/May/2022:13:00:02 +0000] "GET /api/v1/user-games/17 HTTP/1.1" 200 382
::1 - - [26/May/2022:13:00:09 +0000] "PUT /api/v1/user-games/2 HTTP/1.1" 401 67
::1 - - [26/May/2022:13:00:19 +0000] "PUT /api/v1/user-games/17 HTTP/1.1" 200 52
::1 - - [26/May/2022:13:01:59 +0000] "DELETE /api/v1/user-games/1 HTTP/1.1" 401 67
::1 - - [26/May/2022:13:04:43 +0000] "GET /api/v1/user-games-biodata HTTP/1.1" 200 597
::1 - - [26/May/2022:13:07:49 +0000] "GET /api/v1/user-games-biodata HTTP/1.1" 200 597
::1 - - [26/May/2022:13:07:52 +0000] "GET /api/v1/user-games-biodata HTTP/1.1" 200 597
::1 - - [26/May/2022:13:08:34 +0000] "GET /api/v1/user-games-biodata HTTP/1.1" 500 1791
::1 - - [26/May/2022:13:09:25 +0000] "GET /api/v1/user-games-biodata HTTP/1.1" 401 67
::1 - - [26/May/2022:13:14:05 +0000] "GET /api/v1/user-games-biodata HTTP/1.1" 500 1793
::1 - - [26/May/2022:13:14:49 +0000] "GET /api/v1/user-games-biodata HTTP/1.1" 401 67
::1 - - [26/May/2022:13:14:59 +0000] "GET /api/v1/user-games-biodata HTTP/1.1" 401 67
::1 - - [26/May/2022:13:15:28 +0000] "POST /api/v1/user-games-biodata HTTP/1.1" 401 67
::1 - - [26/May/2022:13:19:30 +0000] "GET /api/v1/user-games/17 HTTP/1.1" 200 394
::1 - - [26/May/2022:13:20:33 +0000] "GET /api/v1/user-games HTTP/1.1" 401 67
::1 - - [26/May/2022:13:22:05 +0000] "GET /api/v1/user-games/17 HTTP/1.1" 200 394
::1 - - [26/May/2022:13:22:15 +0000] "POST /api/v1/user-games/insert?username=piaws234&email=piaws235@gmail.com&password=pia234&role_id=1 HTTP/1.1" 401 69
::1 - - [26/May/2022:13:22:20 +0000] "POST /api/v1/user-games HTTP/1.1" 401 69
::1 - - [26/May/2022:13:22:26 +0000] "PUT /api/v1/user-games/17 HTTP/1.1" 200 52
::1 - - [26/May/2022:13:22:30 +0000] "PUT /api/v1/user-games/16 HTTP/1.1" 401 67
::1 - - [26/May/2022:13:22:35 +0000] "PUT /api/v1/user-games/19 HTTP/1.1" 401 67
::1 - - [26/May/2022:13:22:40 +0000] "PUT /api/v1/user-games/17 HTTP/1.1" 200 52
::1 - - [26/May/2022:13:22:47 +0000] "DELETE /api/v1/user-games/17 HTTP/1.1" 404 195
::1 - - [26/May/2022:13:23:44 +0000] "DELETE /api/v1/user-games/17 HTTP/1.1" 200 70
::1 - - [26/May/2022:13:23:53 +0000] "GET /api/v1/user-games HTTP/1.1" 401 66
::1 - - [26/May/2022:13:23:56 +0000] "POST /api/v1/user-games/insert?username=piaws234&email=piaws235@gmail.com&password=pia234&role_id=1 HTTP/1.1" 401 69
::1 - - [26/May/2022:13:24:08 +0000] "POST /api/v1/register HTTP/1.1" 400 49
::1 - - [26/May/2022:13:24:20 +0000] "POST /api/v1/login HTTP/1.1" 200 340
::1 - - [26/May/2022:13:24:34 +0000] "GET /api/v1/user-games HTTP/1.1" 401 66
::1 - - [26/May/2022:13:25:01 +0000] "GET /api/v1/user-games/17 HTTP/1.1" 401 67
::1 - - [26/May/2022:13:25:07 +0000] "GET /api/v1/user-games/15 HTTP/1.1" 200 382
::1 - - [26/May/2022:13:25:13 +0000] "POST /api/v1/user-games/insert?username=piaws234&email=piaws235@gmail.com&password=pia234&role_id=1 HTTP/1.1" 401 69
::1 - - [26/May/2022:13:25:16 +0000] "POST /api/v1/user-games HTTP/1.1" 401 69
::1 - - [26/May/2022:13:25:21 +0000] "PUT /api/v1/user-games/17 HTTP/1.1" 401 67
::1 - - [26/May/2022:13:25:27 +0000] "PUT /api/v1/user-games/15 HTTP/1.1" 200 52
::1 - - [26/May/2022:13:29:13 +0000] "GET /api/v1/user-games-biodata HTTP/1.1" 401 67
::1 - - [26/May/2022:13:29:18 +0000] "GET /api/v1/user-games-biodata/1 HTTP/1.1" 200 603
::1 - - [26/May/2022:13:29:25 +0000] "POST /api/v1/user-games-biodata HTTP/1.1" 401 67
::1 - - [26/May/2022:13:29:30 +0000] "POST /api/v1/user-games-biodata HTTP/1.1" 404 3373
::1 - - [26/May/2022:13:30:36 +0000] "POST /api/v1/user-games-biodata HTTP/1.1" 201 275
::1 - - [26/May/2022:13:30:43 +0000] "POST /api/v1/user-games-biodata HTTP/1.1" 401 67
::1 - - [26/May/2022:13:31:33 +0000] "GET /api/v1/user-games/15 HTTP/1.1" 200 636
::1 - - [26/May/2022:13:31:39 +0000] "GET /api/v1/user-games/1 HTTP/1.1" 401 67
::1 - - [26/May/2022:13:31:45 +0000] "GET /api/v1/user-games/4 HTTP/1.1" 401 67
::1 - - [26/May/2022:13:31:58 +0000] "GET /api/v1/user-games-biodata/1 HTTP/1.1" 401 67
::1 - - [26/May/2022:13:32:56 +0000] "GET /api/v1/user-games-biodata/12 HTTP/1.1" 401 67
::1 - - [26/May/2022:13:33:01 +0000] "GET /api/v1/user-games-biodata/1 HTTP/1.1" 401 67
::1 - - [26/May/2022:13:36:02 +0000] "GET /api/v1/user-games-biodata/1 HTTP/1.1" 401 67
::1 - - [26/May/2022:13:38:10 +0000] "GET /api/v1/user-games-biodata/4 HTTP/1.1" 401 67
::1 - - [26/May/2022:13:38:13 +0000] "GET /api/v1/user-games-biodata/4 HTTP/1.1" 401 67
::1 - - [26/May/2022:13:38:52 +0000] "GET /api/v1/user-games-biodata/4 HTTP/1.1" 401 627
::1 - - [26/May/2022:13:39:18 +0000] "POST /api/v1/user-games-biodata HTTP/1.1" 401 67
::1 - - [26/May/2022:13:42:18 +0000] "POST /api/v1/user-games-biodata HTTP/1.1" 401 67
::1 - - [26/May/2022:13:42:24 +0000] "POST /api/v1/user-games-biodata HTTP/1.1" 404 63
::1 - - [26/May/2022:13:45:04 +0000] "PUT /api/v1/user-games-biodata/1 HTTP/1.1" 200 32
::1 - - [26/May/2022:13:45:24 +0000] "GET /api/v1/user-games-biodata/4 HTTP/1.1" 500 433
::1 - - [26/May/2022:13:45:31 +0000] "GET /api/v1/user-games-biodata/15 HTTP/1.1" 401 628
::1 - - [26/May/2022:13:49:38 +0000] "PUT /api/v1/user-games-biodata/1 HTTP/1.1" 400 20
::1 - - [26/May/2022:13:50:38 +0000] "PUT /api/v1/user-games-biodata/1 HTTP/1.1" 400 20
::1 - - [26/May/2022:13:50:41 +0000] "PUT /api/v1/user-games-biodata/1 HTTP/1.1" 400 20
::1 - - [26/May/2022:13:50:47 +0000] "PUT /api/v1/user-games-biodata/15 HTTP/1.1" 400 20
::1 - - [26/May/2022:13:51:02 +0000] "PUT /api/v1/user-games-biodata/4 HTTP/1.1" 400 20
::1 - - [26/May/2022:13:51:28 +0000] "PUT /api/v1/user-games-biodata/4 HTTP/1.1" 401 67
::1 - - [26/May/2022:13:57:40 +0000] "PUT /api/v1/user-games-biodata/4 HTTP/1.1" 401 35
::1 - - [26/May/2022:13:58:39 +0000] "PUT /api/v1/user-games-biodata/4 HTTP/1.1" 401 67
::1 - - [26/May/2022:13:58:43 +0000] "PUT /api/v1/user-games-biodata/4 HTTP/1.1" 401 67
::1 - - [26/May/2022:13:59:11 +0000] "PUT /api/v1/user-games-biodata/4 HTTP/1.1" 401 67
::1 - - [26/May/2022:13:59:46 +0000] "PUT /api/v1/user-games-biodata/4 HTTP/1.1" 401 67
::1 - - [26/May/2022:13:59:48 +0000] "PUT /api/v1/user-games-biodata/4 HTTP/1.1" 401 35
::1 - - [26/May/2022:13:59:51 +0000] "PUT /api/v1/user-games-biodata/4 HTTP/1.1" 401 35
::1 - - [26/May/2022:13:59:57 +0000] "PUT /api/v1/user-games-biodata/4 HTTP/1.1" 401 35
::1 - - [26/May/2022:13:59:59 +0000] "PUT /api/v1/user-games-biodata/4 HTTP/1.1" 401 67
::1 - - [26/May/2022:14:00:03 +0000] "PUT /api/v1/user-games-biodata/4 HTTP/1.1" 401 67
::1 - - [26/May/2022:14:00:05 +0000] "PUT /api/v1/user-games-biodata/4 HTTP/1.1" 401 35
::1 - - [26/May/2022:14:00:22 +0000] "PUT /api/v1/user-games-biodata/4 HTTP/1.1" 200 32
::1 - - [26/May/2022:14:00:40 +0000] "PUT /api/v1/user-games-biodata/4 HTTP/1.1" 200 32
::1 - - [26/May/2022:14:00:44 +0000] "PUT /api/v1/user-games-biodata/4 HTTP/1.1" 401 67
::1 - - [26/May/2022:14:00:46 +0000] "PUT /api/v1/user-games-biodata/4 HTTP/1.1" 401 67
::1 - - [26/May/2022:14:29:36 +0000] "GET /api/v1/user-games HTTP/1.1" 401 66
::1 - - [26/May/2022:15:00:10 +0000] "GET /api/v1/user-games-biodata HTTP/1.1" 401 67
::1 - - [26/May/2022:15:33:56 +0000] "POST /logins HTTP/1.1" 302 62
::1 - - [26/May/2022:15:33:57 +0000] "GET /dashboard HTTP/1.1" 200 8278
::1 - - [26/May/2022:15:34:26 +0000] "PUT /api/v1/user-games-biodata/4 HTTP/1.1" 401 67
::1 - - [26/May/2022:15:35:50 +0000] "GET /api/v1/user-games-biodata HTTP/1.1" 401 67
::1 - - [26/May/2022:15:36:12 +0000] "POST /api/v1/register HTTP/1.1" 201 351
::1 - - [26/May/2022:15:36:22 +0000] "POST /api/v1/login HTTP/1.1" 200 336
::1 - - [26/May/2022:15:37:16 +0000] "GET /api/v1/user-games HTTP/1.1" 200 8277
::1 - - [26/May/2022:15:37:20 +0000] "GET /api/v1/user-games/4 HTTP/1.1" 200 376
::1 - - [26/May/2022:15:37:25 +0000] "POST /api/v1/user-games/insert?username=piaws234&email=piaws235@gmail.com&password=pia234&role_id=1 HTTP/1.1" 400 49
::1 - - [26/May/2022:15:37:33 +0000] "POST /api/v1/user-games/insert?username=piaws2346&email=piaws2356@gmail.com&password=pia2346&role_id=1 HTTP/1.1" 201 356
::1 - - [26/May/2022:15:37:58 +0000] "POST /api/v1/user-games HTTP/1.1" 201 354
::1 - - [26/May/2022:15:38:05 +0000] "PUT /api/v1/user-games/15 HTTP/1.1" 200 52
::1 - - [26/May/2022:15:38:09 +0000] "DELETE /api/v1/user-games/17 HTTP/1.1" 404 69
::1 - - [26/May/2022:15:38:37 +0000] "GET /api/v1/user-games-biodata HTTP/1.1" 200 2260
::1 - - [26/May/2022:15:38:54 +0000] "GET /api/v1/user-games-history HTTP/1.1" 200 604
::1 - - [26/May/2022:15:39:02 +0000] "POST /api/v1/user-games-history HTTP/1.1" 201 244
::1 - - [26/May/2022:15:39:27 +0000] "GET /api/v1/user-games-biodata HTTP/1.1" 401 67
::1 - - [26/May/2022:15:39:31 +0000] "GET /api/v1/user-games-biodata/15 HTTP/1.1" 401 628
::1 - - [26/May/2022:15:39:47 +0000] "GET /api/v1/user-games-history HTTP/1.1" 401 66
::1 - - [26/May/2022:15:39:52 +0000] "GET /api/v1/user-games-history/2 HTTP/1.1" 401 67
::1 - - [26/May/2022:15:40:14 +0000] "POST /api/v1/user-games-history HTTP/1.1" 401 67
::1 - - [26/May/2022:15:40:46 +0000] "GET /api/v1/user-games-history/15 HTTP/1.1" 500 416
::1 - - [26/May/2022:15:40:57 +0000] "GET /api/v1/user-games-history/2 HTTP/1.1" 401 67
::1 - - [26/May/2022:15:41:02 +0000] "GET /api/v1/user-games-history/3 HTTP/1.1" 401 67
::1 - - [26/May/2022:15:41:06 +0000] "GET /api/v1/user-games-history/4 HTTP/1.1" 401 67
::1 - - [26/May/2022:15:41:14 +0000] "POST /api/v1/user-games-history HTTP/1.1" 201 245
::1 - - [26/May/2022:15:41:21 +0000] "POST /api/v1/user-games-history HTTP/1.1" 401 67
::1 - - [26/May/2022:15:41:29 +0000] "PUT /api/v1/user-games-history/2 HTTP/1.1" 401 67
::1 - - [26/May/2022:15:41:34 +0000] "PUT /api/v1/user-games-history/2 HTTP/1.1" 401 67
::1 - - [26/May/2022:15:41:36 +0000] "PUT /api/v1/user-games-history/2 HTTP/1.1" 401 67
::1 - - [26/May/2022:15:43:08 +0000] "PUT /api/v1/user-games-history/2 HTTP/1.1" 401 67
::1 - - [26/May/2022:15:43:59 +0000] "GET /api/v1/user-games-history/4 HTTP/1.1" 401 67
::1 - - [26/May/2022:15:44:02 +0000] "GET /api/v1/user-games-history/1 HTTP/1.1" 401 67
::1 - - [26/May/2022:15:48:19 +0000] "GET /api/v1/user-games-history/1 HTTP/1.1" 401 67
::1 - - [26/May/2022:15:48:32 +0000] "POST /api/v1/user-games-history HTTP/1.1" 201 245
::1 - - [26/May/2022:15:48:39 +0000] "POST /api/v1/user-games-history HTTP/1.1" 401 67
::1 - - [26/May/2022:15:48:44 +0000] "PUT /api/v1/user-games-history/2 HTTP/1.1" 200 149
::1 - - [26/May/2022:15:48:52 +0000] "DELETE /api/v1/user-games-history/2 HTTP/1.1" 401 67
::1 - - [26/May/2022:15:48:57 +0000] "GET /api/v1/user-games-history HTTP/1.1" 401 66
::1 - - [26/May/2022:15:49:02 +0000] "GET /api/v1/user-games-history/15 HTTP/1.1" 401 67
::1 - - [26/May/2022:15:49:09 +0000] "GET /api/v1/user-games-history/4 HTTP/1.1" 401 67
::1 - - [26/May/2022:15:54:34 +0000] "GET /api/v1/user-games-biodata/15 HTTP/1.1" 401 628
::1 - - [26/May/2022:15:54:48 +0000] "GET /api/v1/user-games-biodata/1 HTTP/1.1" 500 433
::1 - - [26/May/2022:15:56:26 +0000] "GET /api/v1/user-games-biodata HTTP/1.1" 401 67
::1 - - [26/May/2022:15:56:31 +0000] "POST /api/v1/user-games-biodata HTTP/1.1" 404 63
::1 - - [26/May/2022:15:56:34 +0000] "GET /api/v1/user-games-biodata/1 HTTP/1.1" 500 433
::1 - - [26/May/2022:15:56:39 +0000] "GET /api/v1/user-games-biodata/15 HTTP/1.1" 401 628
::1 - - [26/May/2022:15:58:39 +0000] "GET /api/v1/user-games-biodata/15 HTTP/1.1" 500 433
::1 - - [26/May/2022:15:58:45 +0000] "GET /api/v1/user-games-biodata/1 HTTP/1.1" 401 67
::1 - - [26/May/2022:15:58:50 +0000] "GET /api/v1/user-games-biodata/4 HTTP/1.1" 401 619
::1 - - [26/May/2022:16:00:14 +0000] "GET /api/v1/user-games-history/4 HTTP/1.1" 500 412
::1 - - [26/May/2022:16:00:42 +0000] "GET /api/v1/user-games-history/2 HTTP/1.1" 401 597
::1 - - [26/May/2022:16:01:07 +0000] "GET /api/v1/user-games-history/1 HTTP/1.1" 401 67
::1 - - [26/May/2022:16:01:11 +0000] "GET /api/v1/user-games-history/2 HTTP/1.1" 401 597
::1 - - [26/May/2022:16:01:15 +0000] "POST /api/v1/user-games-history HTTP/1.1" 401 67
::1 - - [26/May/2022:16:01:21 +0000] "POST /api/v1/user-games-history HTTP/1.1" 201 245
::1 - - [26/May/2022:16:01:27 +0000] "PUT /api/v1/user-games-history/2 HTTP/1.1" 200 149
::1 - - [26/May/2022:16:01:38 +0000] "PUT /api/v1/user-games-history/3 HTTP/1.1" 200 149
::1 - - [26/May/2022:16:01:45 +0000] "GET /api/v1/user-games-history/2 HTTP/1.1" 401 597
::1 - - [26/May/2022:16:01:56 +0000] "GET /api/v1/user-games-history/3 HTTP/1.1" 401 597
::1 - - [26/May/2022:16:02:08 +0000] "DELETE /api/v1/user-games-history/2 HTTP/1.1" 401 67
::1 - - [26/May/2022:16:03:22 +0000] "DELETE /api/v1/user-games-history/2 HTTP/1.1" 401 67
::1 - - [26/May/2022:16:03:24 +0000] "DELETE /api/v1/user-games-history/2 HTTP/1.1" 401 67
::1 - - [26/May/2022:16:04:12 +0000] "DELETE /api/v1/user-games-history/2 HTTP/1.1" 401 59
::1 - - [26/May/2022:16:04:18 +0000] "DELETE /api/v1/user-games-history/1 HTTP/1.1" 401 67
::1 - - [26/May/2022:16:07:29 +0000] "GET /profile HTTP/1.1" 302 56
::1 - - [26/May/2022:16:07:29 +0000] "GET /login HTTP/1.1" 304 -
::1 - - [26/May/2022:16:07:34 +0000] "POST /logins HTTP/1.1" 302 62
::1 - - [26/May/2022:16:07:34 +0000] "GET /dashboard HTTP/1.1" 304 -
::1 - - [26/May/2022:16:13:16 +0000] "GET /dashboard HTTP/1.1" 302 56
::1 - - [26/May/2022:16:13:16 +0000] "GET /login HTTP/1.1" 304 -
::1 - - [26/May/2022:16:13:33 +0000] "GET /api/v1/user-games HTTP/1.1" 401 66
::1 - - [26/May/2022:16:13:53 +0000] "POST /logins HTTP/1.1" 302 54
::1 - - [26/May/2022:16:13:53 +0000] "GET /login HTTP/1.1" 200 4610
::1 - - [26/May/2022:16:13:58 +0000] "POST /logins HTTP/1.1" 302 54
::1 - - [26/May/2022:16:13:58 +0000] "GET /login HTTP/1.1" 304 -
::1 - - [26/May/2022:16:14:17 +0000] "PUT /api/v1/user-games/15 HTTP/1.1" 200 52
::1 - - [26/May/2022:16:14:22 +0000] "POST /logins HTTP/1.1" 302 62
::1 - - [26/May/2022:16:14:22 +0000] "GET /dashboard HTTP/1.1" 200 8278
::1 - - [26/May/2022:16:14:24 +0000] "GET /user-games HTTP/1.1" 200 37151
::1 - - [26/May/2022:16:15:16 +0000] "GET /user-games HTTP/1.1" 302 56
::1 - - [26/May/2022:16:15:16 +0000] "GET /login HTTP/1.1" 200 4493
::1 - - [26/May/2022:16:15:21 +0000] "POST /logins HTTP/1.1" 302 62
::1 - - [26/May/2022:16:15:21 +0000] "GET /dashboard HTTP/1.1" 304 -
::1 - - [26/May/2022:16:15:29 +0000] "GET /user-games HTTP/1.1" 200 37151
::1 - - [26/May/2022:16:15:49 +0000] "GET /logout HTTP/1.1" 302 56
::1 - - [26/May/2022:16:15:49 +0000] "GET /login HTTP/1.1" 304 -
::1 - - [26/May/2022:16:15:53 +0000] "POST /logins HTTP/1.1" 302 62
::1 - - [26/May/2022:16:15:53 +0000] "GET /dashboard HTTP/1.1" 304 -
::1 - - [26/May/2022:16:16:48 +0000] "GET /dashboard HTTP/1.1" 302 56
::1 - - [26/May/2022:16:16:48 +0000] "GET /login HTTP/1.1" 304 -
::1 - - [26/May/2022:16:16:52 +0000] "POST /logins HTTP/1.1" 302 62
::1 - - [26/May/2022:16:16:52 +0000] "GET /dashboard HTTP/1.1" 200 8278
::1 - - [26/May/2022:16:16:53 +0000] "GET /user-games HTTP/1.1" 304 -
::1 - - [26/May/2022:16:18:00 +0000] "GET /user-games HTTP/1.1" 500 3210
::1 - - [26/May/2022:16:18:47 +0000] "GET /api/v1/user-games HTTP/1.1" 401 66
::1 - - [26/May/2022:16:18:53 +0000] "POST /api/v1/login HTTP/1.1" 200 336
::1 - - [26/May/2022:16:19:04 +0000] "GET /api/v1/user-games HTTP/1.1" 200 9888
::1 - - [26/May/2022:16:21:05 +0000] "GET /user-games HTTP/1.1" 302 56
::1 - - [26/May/2022:16:21:05 +0000] "GET /login HTTP/1.1" 304 -
::1 - - [26/May/2022:16:21:15 +0000] "POST /logins HTTP/1.1" 302 62
::1 - - [26/May/2022:16:21:15 +0000] "GET /dashboard HTTP/1.1" 304 -
::1 - - [26/May/2022:16:21:19 +0000] "GET /user-games HTTP/1.1" 200 37151
::1 - - [26/May/2022:16:22:11 +0000] "GET /user-games HTTP/1.1" 500 3210
::1 - - [26/May/2022:16:22:46 +0000] "GET /user-games HTTP/1.1" 302 56
::1 - - [26/May/2022:16:22:46 +0000] "GET /login HTTP/1.1" 304 -
::1 - - [26/May/2022:16:22:51 +0000] "POST /logins HTTP/1.1" 302 62
::1 - - [26/May/2022:16:22:51 +0000] "GET /dashboard HTTP/1.1" 304 -
::1 - - [26/May/2022:16:22:54 +0000] "GET /user-games HTTP/1.1" 500 3205
::1 - - [26/May/2022:16:23:40 +0000] "GET /user-games HTTP/1.1" 500 3201
::1 - - [26/May/2022:16:23:48 +0000] "GET /user-games HTTP/1.1" 200 38132
::1 - - [26/May/2022:16:24:01 +0000] "GET /user-games HTTP/1.1" 200 38117
::1 - - [26/May/2022:16:24:21 +0000] "GET /user-games HTTP/1.1" 200 38132
::1 - - [26/May/2022:16:24:45 +0000] "GET /user-games/biodata/7 HTTP/1.1" 400 14510
::1 - - [26/May/2022:16:25:03 +0000] "POST /user-games/biodata HTTP/1.1" 302 86
::1 - - [26/May/2022:16:25:03 +0000] "GET /user-games/biodata/7 HTTP/1.1" 200 17023
::1 - - [26/May/2022:16:25:12 +0000] "GET /user-games HTTP/1.1" 304 -
::1 - - [26/May/2022:16:25:19 +0000] "GET /user-games/delete/12 HTTP/1.1" 302 66
::1 - - [26/May/2022:16:25:19 +0000] "GET /user-games HTTP/1.1" 200 36479
::1 - - [26/May/2022:16:25:22 +0000] "GET /user-games/delete/13 HTTP/1.1" 302 66
::1 - - [26/May/2022:16:25:22 +0000] "GET /user-games HTTP/1.1" 304 -
::1 - - [26/May/2022:16:25:25 +0000] "GET /user-games/delete/13 HTTP/1.1" 500 3343
::1 - - [26/May/2022:16:25:28 +0000] "GET /dashboard HTTP/1.1" 304 -
::1 - - [26/May/2022:16:25:30 +0000] "GET /user-games HTTP/1.1" 200 34843
::1 - - [26/May/2022:16:25:33 +0000] "GET /user-games/delete/14 HTTP/1.1" 302 66
::1 - - [26/May/2022:16:25:33 +0000] "GET /user-games HTTP/1.1" 200 33209
::1 - - [26/May/2022:16:25:42 +0000] "GET /user-games/delete/15 HTTP/1.1" 302 66
::1 - - [26/May/2022:16:25:42 +0000] "GET /user-games HTTP/1.1" 200 31558
::1 - - [26/May/2022:16:25:53 +0000] "GET /logout HTTP/1.1" 302 56
::1 - - [26/May/2022:16:25:53 +0000] "GET /login HTTP/1.1" 304 -
::1 - - [26/May/2022:16:26:00 +0000] "POST /logins HTTP/1.1" 302 62
::1 - - [26/May/2022:16:26:00 +0000] "GET /dashboard HTTP/1.1" 200 8303
::ffff:127.0.0.1 - - [26/May/2022:16:26:38 +0000] "GET /user-games HTTP/1.1" 302 56
::ffff:127.0.0.1 - - [26/May/2022:16:26:38 +0000] "GET /login HTTP/1.1" 304 -
::1 - - [26/May/2022:16:26:48 +0000] "POST /logins HTTP/1.1" 302 62
::1 - - [26/May/2022:16:26:48 +0000] "GET /dashboard HTTP/1.1" 304 -
::1 - - [26/May/2022:16:27:03 +0000] "GET /user-games HTTP/1.1" 302 56
::1 - - [26/May/2022:16:27:03 +0000] "GET /login HTTP/1.1" 304 -
::1 - - [26/May/2022:16:28:36 +0000] "POST /logins HTTP/1.1" 302 54
::1 - - [26/May/2022:16:28:36 +0000] "GET /login HTTP/1.1" 200 4615
::1 - - [26/May/2022:16:28:46 +0000] "POST /logins HTTP/1.1" 302 62
::1 - - [26/May/2022:16:28:46 +0000] "GET /dashboard HTTP/1.1" 304 -
::1 - - [26/May/2022:16:30:36 +0000] "GET /user-games HTTP/1.1" 302 56
::1 - - [26/May/2022:16:30:36 +0000] "GET /login HTTP/1.1" 200 4493
::1 - - [26/May/2022:16:30:44 +0000] "POST /logins HTTP/1.1" 302 62
::1 - - [26/May/2022:16:30:44 +0000] "GET /dashboard HTTP/1.1" 304 -
::1 - - [26/May/2022:16:32:09 +0000] "GET /user-games HTTP/1.1" 302 56
::1 - - [26/May/2022:16:32:09 +0000] "GET /login HTTP/1.1" 304 -
::1 - - [26/May/2022:16:32:12 +0000] "POST /logins HTTP/1.1" 302 62
::1 - - [26/May/2022:16:32:13 +0000] "GET /dashboard HTTP/1.1" 200 8278
::1 - - [26/May/2022:16:32:15 +0000] "GET /user-games HTTP/1.1" 500 3198
::1 - - [26/May/2022:16:32:32 +0000] "GET /user-games HTTP/1.1" 200 10327
::1 - - [26/May/2022:16:33:50 +0000] "GET /user-games HTTP/1.1" 200 31633
::1 - - [26/May/2022:16:33:56 +0000] "GET /logout HTTP/1.1" 302 56
::1 - - [26/May/2022:16:33:56 +0000] "GET /login HTTP/1.1" 304 -
::1 - - [26/May/2022:16:34:04 +0000] "POST /logins HTTP/1.1" 302 62
::1 - - [26/May/2022:16:34:04 +0000] "GET /dashboard HTTP/1.1" 200 8303
::1 - - [26/May/2022:16:34:06 +0000] "GET /user-games HTTP/1.1" 200 10400
::1 - - [26/May/2022:16:41:05 +0000] "GET /user-games/biodata/7 HTTP/1.1" 200 17038
::1 - - [26/May/2022:16:41:12 +0000] "PUT /user-games/biodata/update/7 HTTP/1.1" 302 51
::1 - - [26/May/2022:16:41:12 +0000] "PUT /user-games/biodata/undefined HTTP/1.1" 404 3373
::1 - - [26/May/2022:16:41:14 +0000] "GET /user-games/biodata/7 HTTP/1.1" 200 17044
::1 - - [26/May/2022:16:41:18 +0000] "GET /user-games HTTP/1.1" 304 -
::1 - - [26/May/2022:16:41:22 +0000] "GET /user-games/update/7 HTTP/1.1" 200 13667
::1 - - [26/May/2022:16:42:15 +0000] "GET /user-games HTTP/1.1" 200 9969
::1 - - [26/May/2022:16:42:23 +0000] "GET /user-games/update/7 HTTP/1.1" 304 -
::1 - - [26/May/2022:16:42:37 +0000] "POST /user-games/update/7 HTTP/1.1" 302 66
::1 - - [26/May/2022:16:42:37 +0000] "GET /user-games HTTP/1.1" 200 10190
::1 - - [26/May/2022:16:42:54 +0000] "GET /user-games/history/7 HTTP/1.1" 200 15587
::1 - - [26/May/2022:16:43:09 +0000] "POST /user-games-history/add HTTP/1.1" 302 86
::1 - - [26/May/2022:16:43:09 +0000] "GET /user-games/history/7 HTTP/1.1" 200 17380
::1 - - [26/May/2022:16:43:12 +0000] "GET /user-games-history/update/1 HTTP/1.1" 500 3500
::1 - - [26/May/2022:16:45:08 +0000] "GET /user-games-history/update/1 HTTP/1.1" 302 56
::1 - - [26/May/2022:16:45:08 +0000] "GET /login HTTP/1.1" 304 -
::1 - - [26/May/2022:16:45:15 +0000] "POST /logins HTTP/1.1" 302 54
::1 - - [26/May/2022:16:45:15 +0000] "GET /login HTTP/1.1" 200 4615
::1 - - [26/May/2022:16:45:25 +0000] "POST /logins HTTP/1.1" 302 54
::1 - - [26/May/2022:16:45:25 +0000] "GET /login HTTP/1.1" 304 -
::1 - - [26/May/2022:16:45:32 +0000] "POST /logins HTTP/1.1" 302 62
::1 - - [26/May/2022:16:45:32 +0000] "GET /dashboard HTTP/1.1" 200 8303
::1 - - [26/May/2022:16:45:34 +0000] "GET /user-games HTTP/1.1" 304 -
::1 - - [26/May/2022:16:45:39 +0000] "GET /user-games/history/7 HTTP/1.1" 304 -
::1 - - [26/May/2022:16:45:42 +0000] "GET /user-games-history/update/1 HTTP/1.1" 200 15097
::1 - - [26/May/2022:16:45:46 +0000] "PUT /user-games/history/update/1 HTTP/1.1" 302 43
::1 - - [26/May/2022:16:45:46 +0000] "PUT /user-games/history/7 HTTP/1.1" 404 3373
::1 - - [26/May/2022:16:45:49 +0000] "GET /user-games/history/7 HTTP/1.1" 200 17381
::1 - - [26/May/2022:16:46:37 +0000] "GET /user-games/history/7 HTTP/1.1" 200 17376
::1 - - [26/May/2022:16:46:43 +0000] "GET /user-games/history/delete/6 HTTP/1.1" 302 86
::1 - - [26/May/2022:16:46:43 +0000] "GET /user-games/history/7 HTTP/1.1" 200 15583
::1 - - [26/May/2022:16:46:46 +0000] "GET /user-games HTTP/1.1" 304 -
::1 - - [26/May/2022:16:46:50 +0000] "GET /profile/account HTTP/1.1" 200 13333
::1 - - [26/May/2022:16:46:51 +0000] "GET /static/images/portfolio13.jpg HTTP/1.1" 404 3373
::1 - - [26/May/2022:16:46:51 +0000] "GET /static/images/portfolio13.jpg HTTP/1.1" 404 3373
::1 - - [26/May/2022:16:47:04 +0000] "POST /profile/account HTTP/1.1" 302 76
::1 - - [26/May/2022:16:47:04 +0000] "GET /profile/account HTTP/1.1" 200 13333
::1 - - [26/May/2022:16:47:04 +0000] "GET /static/images/portfolio13.jpg HTTP/1.1" 404 3373
::1 - - [26/May/2022:16:47:04 +0000] "GET /static/images/portfolio13.jpg HTTP/1.1" 404 3373
::1 - - [26/May/2022:16:47:17 +0000] "GET /profile HTTP/1.1" 200 19407
::1 - - [26/May/2022:16:47:18 +0000] "GET /static/images/portfolio13.jpg HTTP/1.1" 404 3373
