::1 - - [05/Jun/2022:03:34:54 +0000] "GET / HTTP/1.1" 304 -
::1 - - [05/Jun/2022:03:35:02 +0000] "GET /forgot-password HTTP/1.1" 200 3646
::1 - - [05/Jun/2022:03:35:17 +0000] "POST /forgot-password HTTP/1.1" 200 3723
::1 - - [05/Jun/2022:03:35:50 +0000] "POST /otp-reset-password HTTP/1.1" 404 3342
::1 - - [05/Jun/2022:03:36:28 +0000] "GET /forgot-password HTTP/1.1" 200 3646
::1 - - [05/Jun/2022:03:36:30 +0000] "GET /forgot-password HTTP/1.1" 304 -
::1 - - [05/Jun/2022:03:36:35 +0000] "POST /forgot-password HTTP/1.1" 200 3721
::1 - - [05/Jun/2022:03:39:49 +0000] "GET /forgot-password HTTP/1.1" 200 3646
::1 - - [05/Jun/2022:03:40:08 +0000] "POST /forgot-password HTTP/1.1" 200 3735
::1 - - [05/Jun/2022:03:40:26 +0000] "POST /otp-reset-password HTTP/1.1" 404 3342
::1 - - [05/Jun/2022:03:43:17 +0000] "GET /dashboard HTTP/1.1" 302 56
::1 - - [05/Jun/2022:03:43:17 +0000] "GET /login HTTP/1.1" 304 -
::1 - - [05/Jun/2022:03:43:19 +0000] "GET /forgot-password HTTP/1.1" 200 3646
::1 - - [05/Jun/2022:03:43:24 +0000] "POST /forgot-password HTTP/1.1" 200 3732
::1 - - [05/Jun/2022:03:43:36 +0000] "POST /otp-reset-password HTTP/1.1" 302 74
::1 - - [05/Jun/2022:03:43:36 +0000] "GET /reser-password HTTP/1.1" 404 3375
::1 - - [05/Jun/2022:03:45:45 +0000] "GET /dashboard HTTP/1.1" 302 56
::1 - - [05/Jun/2022:03:45:45 +0000] "GET /login HTTP/1.1" 304 -
::1 - - [05/Jun/2022:03:45:46 +0000] "GET /forgot-password HTTP/1.1" 200 3646
::1 - - [05/Jun/2022:03:45:51 +0000] "POST /forgot-password HTTP/1.1" 200 3732
::1 - - [05/Jun/2022:03:46:25 +0000] "POST /otp-reset-password HTTP/1.1" 200 3840
::1 - - [05/Jun/2022:03:46:43 +0000] "POST /reset-password HTTP/1.1" 404 3342
::1 - - [05/Jun/2022:03:47:08 +0000] "GET /dashboard HTTP/1.1" 302 56
::1 - - [05/Jun/2022:03:47:08 +0000] "GET /login HTTP/1.1" 304 -
::1 - - [05/Jun/2022:03:47:25 +0000] "GET /api/v1/user-games HTTP/1.1" 200 7973
::1 - - [05/Jun/2022:03:47:54 +0000] "GET /forgot-password HTTP/1.1" 200 3646
::1 - - [05/Jun/2022:03:48:00 +0000] "POST /forgot-password HTTP/1.1" 200 3732
::1 - - [05/Jun/2022:03:48:12 +0000] "POST /otp-reset-password HTTP/1.1" 200 3838
::1 - - [05/Jun/2022:03:48:21 +0000] "POST /reset-password HTTP/1.1" 200 6404
::1 - - [05/Jun/2022:03:48:37 +0000] "POST /logins HTTP/1.1" 302 62
::1 - - [05/Jun/2022:03:48:37 +0000] "GET /dashboard HTTP/1.1" 200 8279
::1 - - [05/Jun/2022:03:49:43 +0000] "GET /user-games HTTP/1.1" 200 9929
::1 - - [05/Jun/2022:03:49:46 +0000] "GET /user-games/update/32 HTTP/1.1" 200 13647
::1 - - [05/Jun/2022:03:50:16 +0000] "POST /user-games/update/32 HTTP/1.1" 302 66
::1 - - [05/Jun/2022:03:50:16 +0000] "GET /user-games HTTP/1.1" 200 10194
::1 - - [05/Jun/2022:03:50:21 +0000] "GET /user-games/biodata/32 HTTP/1.1" 302 14527
::1 - - [05/Jun/2022:03:50:37 +0000] "POST /user-games/biodata HTTP/1.1" 302 88
::1 - - [05/Jun/2022:03:50:37 +0000] "GET /user-games/biodata/32 HTTP/1.1" 302 17065
::1 - - [05/Jun/2022:03:50:48 +0000] "GET /user-games/history/32 HTTP/1.1" 200 13798
::1 - - [05/Jun/2022:03:50:58 +0000] "POST /user-games-history/add HTTP/1.1" 302 88
::1 - - [05/Jun/2022:03:50:58 +0000] "GET /user-games/history/32 HTTP/1.1" 200 15588
::1 - - [05/Jun/2022:03:51:02 +0000] "GET /user-games HTTP/1.1" 304 -
::1 - - [05/Jun/2022:03:51:04 +0000] "GET /profile HTTP/1.1" 200 19266
::1 - - [05/Jun/2022:03:51:05 +0000] "GET /undefined HTTP/1.1" 404 3375
::1 - - [05/Jun/2022:03:51:11 +0000] "GET /profile/account HTTP/1.1" 200 13179
::1 - - [05/Jun/2022:03:51:11 +0000] "GET /profile/undefined HTTP/1.1" 404 3375
::1 - - [05/Jun/2022:03:51:42 +0000] "POST /profile/account HTTP/1.1" 302 76
::1 - - [05/Jun/2022:03:51:42 +0000] "GET /profile/account HTTP/1.1" 200 13179
::1 - - [05/Jun/2022:03:51:42 +0000] "GET /profile/undefined HTTP/1.1" 404 3375
::1 - - [05/Jun/2022:03:52:13 +0000] "POST /profile/account HTTP/1.1" 302 76
::1 - - [05/Jun/2022:03:52:13 +0000] "GET /profile/account HTTP/1.1" 200 13179
::1 - - [05/Jun/2022:03:52:13 +0000] "GET /profile/undefined HTTP/1.1" 404 3375
::1 - - [05/Jun/2022:03:52:21 +0000] "GET /logout HTTP/1.1" 302 56
::1 - - [05/Jun/2022:03:52:21 +0000] "GET /login HTTP/1.1" 304 -
::1 - - [05/Jun/2022:03:52:25 +0000] "GET /google HTTP/1.1" 302 0
::1 - - [05/Jun/2022:03:52:34 +0000] "GET /google/callback?code=4%2F0AX4XfWiicjVGMyA_311oHUGmEOSd-RsZb2P4mkVF8AibQZacQtrXmo6ngVWNuBwQHkc96Q&scope=email+profile+https%3A%2F%2Fwww.googleapis.com%2Fauth%2Fuserinfo.email+https%3A%2F%2Fwww.googleapis.com%2Fauth%2Fuserinfo.profile+openid&authuser=3&prompt=consent HTTP/1.1" 302 64
::1 - - [05/Jun/2022:03:52:34 +0000] "GET /dashboard HTTP/1.1" 200 8279
::1 - - [05/Jun/2022:03:52:49 +0000] "GET /logout HTTP/1.1" 302 56
::1 - - [05/Jun/2022:03:52:49 +0000] "GET /login HTTP/1.1" 304 -
::1 - - [05/Jun/2022:03:56:50 +0000] "POST /logins HTTP/1.1" 302 62
::1 - - [05/Jun/2022:03:56:50 +0000] "GET /dashboard HTTP/1.1" 200 8301
::1 - - [05/Jun/2022:03:56:58 +0000] "GET /user-games HTTP/1.1" 200 10194
::1 - - [05/Jun/2022:03:57:30 +0000] "GET /dashboard HTTP/1.1" 302 56
::1 - - [05/Jun/2022:03:57:30 +0000] "GET /login HTTP/1.1" 304 -
::1 - - [05/Jun/2022:03:57:44 +0000] "POST /logins HTTP/1.1" 302 62
::1 - - [05/Jun/2022:03:57:44 +0000] "GET /dashboard HTTP/1.1" 200 8301
::1 - - [05/Jun/2022:03:57:47 +0000] "GET /user-games HTTP/1.1" 304 -
::1 - - [05/Jun/2022:04:07:12 +0000] "POST /api/v1/login HTTP/1.1" 200 60
::1 - - [05/Jun/2022:05:41:10 +0000] "GET / HTTP/1.1" 304 -
::1 - - [05/Jun/2022:05:41:47 +0000] "GET /forgot-password HTTP/1.1" 200 3646
::1 - - [05/Jun/2022:05:44:06 +0000] "POST /logins HTTP/1.1" 302 54
::1 - - [05/Jun/2022:05:44:06 +0000] "GET /login HTTP/1.1" 200 6521
::1 - - [05/Jun/2022:05:44:14 +0000] "GET /forgot-password HTTP/1.1" 304 -
::1 - - [05/Jun/2022:05:44:19 +0000] "POST /forgot-password HTTP/1.1" 500 3337
::1 - - [05/Jun/2022:05:44:35 +0000] "GET /dashboard HTTP/1.1" 302 56
::1 - - [05/Jun/2022:05:44:35 +0000] "GET /login HTTP/1.1" 200 6404
::1 - - [05/Jun/2022:05:44:40 +0000] "GET /register HTTP/1.1" 304 -
::1 - - [05/Jun/2022:05:44:51 +0000] "POST /registers HTTP/1.1" 302 54
::1 - - [05/Jun/2022:05:44:51 +0000] "GET /login HTTP/1.1" 304 -
::1 - - [05/Jun/2022:05:45:25 +0000] "GET /forgot-password HTTP/1.1" 304 -
::1 - - [05/Jun/2022:05:45:34 +0000] "POST /forgot-password HTTP/1.1" 200 3732
::1 - - [05/Jun/2022:06:35:58 +0000] "GET / HTTP/1.1" 304 -
::1 - - [05/Jun/2022:06:36:17 +0000] "GET /google HTTP/1.1" 302 0
::1 - - [05/Jun/2022:06:36:29 +0000] "GET /google/callback?code=4%2F0AX4XfWgv_-WzIWRc8VGHIBliKA0Iz_ZyQqEZttdCEuYb_t8fy4diF6COKhg2RzmJ_BmXyA&scope=email+profile+https%3A%2F%2Fwww.googleapis.com%2Fauth%2Fuserinfo.email+https%3A%2F%2Fwww.googleapis.com%2Fauth%2Fuserinfo.profile+openid&authuser=5&prompt=consent HTTP/1.1" 302 64
::1 - - [05/Jun/2022:06:36:29 +0000] "GET /dashboard HTTP/1.1" 200 8314
